\BOOKMARK [1][-]{section.0.1}{Introduction}{}% 1
\BOOKMARK [2][-]{subsection.0.1.1}{To\040be\040written}{section.0.1}% 2
\BOOKMARK [2][-]{subsection.0.1.2}{Turing\040machines}{section.0.1}% 3
\BOOKMARK [2][-]{subsection.0.1.3}{Codes,\040and\040the\040result}{section.0.1}% 4
\BOOKMARK [1][-]{section.0.2}{Overview\040of\040the\040construction}{}% 5
\BOOKMARK [2][-]{subsection.0.2.1}{Isolated\040bursts\040of\040faults}{section.0.2}% 6
\BOOKMARK [2][-]{subsection.0.2.2}{Hierarchical\040construction}{section.0.2}% 7
\BOOKMARK [2][-]{subsection.0.2.3}{From\040combinatorial\040to\040probabilistic\040noise}{section.0.2}% 8
\BOOKMARK [2][-]{subsection.0.2.4}{Difficulties}{section.0.2}% 9
\BOOKMARK [2][-]{subsection.0.2.5}{A\040shortcut\040solution}{section.0.2}% 10
\BOOKMARK [1][-]{section.0.3}{Notational\040conventions}{}% 11
\BOOKMARK [1][-]{section.0.4}{The\040model}{}% 12
\BOOKMARK [1][-]{section.0.5}{Trajectory,\040simulation,\040and\040the\040tower}{}% 13
\BOOKMARK [1][-]{section.0.6}{Hierarchical\040codes}{}% 14
\BOOKMARK [1][-]{section.0.7}{Layering\040the\040noise}{}% 15
\BOOKMARK [1][-]{section.0.8}{Universal\040Turing\040machine}{}% 16
\BOOKMARK [1][-]{section.0.9}{Rule\040language}{}% 17
\BOOKMARK [1][-]{section.0.10}{Fields}{}% 18
\BOOKMARK [1][-]{section.0.11}{Error-correcting\040configuration\040code}{}% 19
\BOOKMARK [1][-]{section.0.12}{Simulation\040structure\040and\040coordination}{}% 20
\BOOKMARK [1][-]{section.0.13}{Sweep\040counter\040and\040direction}{}% 21
\BOOKMARK [1][-]{section.0.14}{Computation\040phase}{}% 22
\BOOKMARK [1][-]{section.0.15}{Self-simulation}{}% 23
\BOOKMARK [2][-]{subsection.0.15.1}{New\040primitives}{section.0.15}% 24
\BOOKMARK [2][-]{subsection.0.15.2}{Simulating\040the\040rules}{section.0.15}% 25
\BOOKMARK [1][-]{section.0.16}{Transfer\040phase}{}% 26
\BOOKMARK [2][-]{subsection.0.16.1}{General\040structure\040of\040the\040phase}{section.0.16}% 27
\BOOKMARK [2][-]{subsection.0.16.2}{Transfer\040to\040a\040non-adjacent\040colony}{section.0.16}% 28
\BOOKMARK [2][-]{subsection.0.16.3}{Notes\040on\040zigging}{section.0.16}% 29
