This is XeTeX, Version 3.1415926-2.4-0.9998 (TeX Live 2012) (format=xelatex 2012.6.30)  2 MAY 2013 17:09
entering extended mode
 restricted \write18 enabled.
 %&-line parsing enabled.
**\input longTuring.tex
(./longTuring.tex
(/usr/local/texlive/2012/texmf-dist/tex/latex/memoir/memoir.cls
Document Class: memoir 2011/03/06 v3.6j configurable book, report, article docu
ment class
\onelineskip=\skip41
\lxvchars=\skip42
\xlvchars=\skip43
\@memcnta=\count80
\c@@memmarkcntra=\count81
(/usr/local/texlive/2012/texmf-dist/tex/generic/oberdiek/ifpdf.sty
Package: ifpdf 2011/01/30 v2.3 Provides the ifpdf switch (HO)
Package ifpdf Info: pdfTeX in PDF mode is not detected.
)
(/usr/local/texlive/2012/texmf-dist/tex/latex/ifetex/ifetex.sty
Package: ifetex 2011/12/15 v1.2 ifetex

(/usr/local/texlive/2012/texmf-dist/tex/plain/ifetex/ifetex.tex))
(/usr/local/texlive/2012/texmf-dist/tex/generic/ifxetex/ifxetex.sty
Package: ifxetex 2010/09/12 v0.6 Provides ifxetex conditional
)
(/usr/local/texlive/2012/texmf-dist/tex/generic/oberdiek/ifluatex.sty
Package: ifluatex 2010/03/01 v1.3 Provides the ifluatex switch (HO)
Package ifluatex Info: LuaTeX not detected.
)
\stockheight=\skip44
\stockwidth=\skip45
\trimtop=\skip46
\trimedge=\skip47

(/usr/local/texlive/2012/texmf-dist/tex/latex/etex-pkg/etex.sty
Package: etex 1998/03/26 v2.0 eTeX basic definition package (PEB)
\et@xins=\count82
)
(/usr/local/texlive/2012/texmf-dist/tex/latex/memoir/mem12.clo
File: mem12.clo 2010/10/19 v0.4b memoir class 12pt size option
)
\binding=\skip48
\spinemargin=\skip49
\foremargin=\skip50
\uppermargin=\skip51
\lowermargin=\skip52
\headdrop=\skip53
\normalrulethickness=\skip54
\mem@maxheadheight=\skip55
\mem@maxfootheight=\skip56
\headwidth=\skip57
\c@storedpagenumber=\count83
\memPD=\dimen102
\m@mabparskip=\skip58
\thanksmarkwidth=\skip59
\thanksmarksep=\skip60
\droptitle=\skip61
\c@book=\count84
\c@part=\count85
\c@chapter=\count86
\c@section=\count87
\c@subsection=\count88
\c@subsubsection=\count89
\c@paragraph=\count90
\c@subparagraph=\count91
\beforechapskip=\skip62
\midchapskip=\skip63
\afterchapskip=\skip64
\chapindent=\skip65
\bottomsectionskip=\skip66
\secindent=\skip67
\beforesecskip=\skip68
\aftersecskip=\skip69
\subsecindent=\skip70
\beforesubsecskip=\skip71
\aftersubsecskip=\skip72
\subsubsecindent=\skip73
\beforesubsubsecskip=\skip74
\aftersubsubsecskip=\skip75
\paraindent=\skip76
\beforeparaskip=\skip77
\afterparaskip=\skip78
\subparaindent=\skip79
\beforesubparaskip=\skip80
\aftersubparaskip=\skip81
\pfbreakskip=\skip82
\c@@ppsavesec=\count92
\c@@ppsaveapp=\count93
\ragrparindent=\dimen103
\everylistparindent=\dimen104
\parsepi=\skip83
\topsepi=\skip84
\itemsepi=\skip85
\parsepii=\skip86
\topsepii=\skip87
\topsepiii=\skip88
\itemsepii=\skip89
\itemsepiii=\skip90
\partopsepii=\skip91
\partopsepiii=\skip92
\m@msavetopsep=\skip93
\m@msavepartopsep=\skip94
\@enLab=\toks14
\abstitleskip=\skip95
\absleftindent=\skip96
\abs@leftindent=\dimen105
\absrightindent=\skip97
\absparindent=\skip98
\absparsep=\skip99
\c@vslineno=\count94
\c@poemline=\count95
\c@modulo@vs=\count96
\c@memfvsline=\count97
\vleftskip=\skip100
\vrightskip=\skip101
\stanzaskip=\skip102
\versewidth=\skip103
\vgap=\skip104
\vindent=\skip105
\vleftmargin=\dimen106
\c@verse=\count98
\c@chrsinstr=\count99
\beforepoemtitleskip=\skip106
\afterpoemtitleskip=\skip107
\c@poem=\count100
\beforePoemTitleskip=\skip108
\midPoemTitleskip=\skip109
\afterPoemTitleskip=\skip110
\col@sep=\dimen107
\extrarowheight=\dimen108
\NC@list=\toks15
\extratabsurround=\skip111
\backup@length=\skip112
\TX@col@width=\dimen109
\TX@old@table=\dimen110
\TX@old@col=\dimen111
\TX@target=\dimen112
\TX@delta=\dimen113
\TX@cols=\count101
\TX@ftn=\toks16
\heavyrulewidth=\dimen114
\lightrulewidth=\dimen115
\cmidrulewidth=\dimen116
\belowrulesep=\dimen117
\belowbottomsep=\dimen118
\aboverulesep=\dimen119
\abovetopsep=\dimen120
\cmidrulesep=\dimen121
\cmidrulekern=\dimen122
\defaultaddspace=\dimen123
\@cmidla=\count102
\@cmidlb=\count103
\@aboverulesep=\dimen124
\@belowrulesep=\dimen125
\@thisruleclass=\count104
\@lastruleclass=\count105
\@thisrulewidth=\dimen126
\ctableftskip=\skip113
\ctabrightskip=\skip114
\abovecolumnspenalty=\count106
\@linestogo=\count107
\@cellstogo=\count108
\@cellsincolumn=\count109
\crtok=\toks17
\@mincolumnwidth=\dimen127
\c@newflo@tctr=\count110
\mem@margin@floatbox=\box26
\@contcwidth=\skip115
\@contindw=\skip116
\abovecaptionskip=\skip117
\belowcaptionskip=\skip118
\subfloattopskip=\skip119
\subfloatcapskip=\skip120
\subfloatcaptopadj=\skip121
\subfloatbottomskip=\skip122
\subfloatlabelskip=\skip123
\subfloatcapmargin=\dimen128
\c@@contsubnum=\count111
\m@mscap@capbox=\box27
\m@mscap@fbox=\box28
\sidecapsep=\dimen129
\sidecapwidth=\dimen130
\m@m@tempdima=\dimen131
\m@mscapraise=\dimen132
\sidecapraise=\dimen133
\m@mscapmainwidth=\dimen134
\m@mscaplkern=\dimen135
\beforeepigraphskip=\skip124
\afterepigraphskip=\skip125
\epigraphwidth=\skip126
\epigraphrule=\skip127
LaTeX Info: Redefining \em on input line 7377.
LaTeX Info: Redefining \emph on input line 7385.
\tocentryskip=\skip128
\tocbaseline=\skip129
\cftparskip=\skip130
\cftbeforebookskip=\skip131
\cftbookindent=\dimen136
\cftbooknumwidth=\dimen137
\cftbeforepartskip=\skip132
\cftpartindent=\skip133
\cftpartnumwidth=\skip134
\cftbeforechapterskip=\skip135
\cftchapterindent=\skip136
\cftchapternumwidth=\skip137
\cftbeforesectionskip=\skip138
\cftsectionindent=\skip139
\cftsectionnumwidth=\skip140
\cftbeforesubsectionskip=\skip141
\cftsubsectionindent=\skip142
\cftsubsectionnumwidth=\skip143
\cftbeforesubsubsectionskip=\skip144
\cftsubsubsectionindent=\skip145
\cftsubsubsectionnumwidth=\skip146
\cftbeforeparagraphskip=\skip147
\cftparagraphindent=\skip148
\cftparagraphnumwidth=\skip149
\cftbeforesubparagraphskip=\skip150
\cftsubparagraphindent=\skip151
\cftsubparagraphnumwidth=\skip152
\prechapterprecisshift=\dimen138
\c@maxsecnumdepth=\count112
\bibindent=\dimen139
\bibitemsep=\skip153
\indexcolsep=\skip154
\indexrule=\skip155
\indexmarkstyle=\toks18
\@indexbox=\insert233
\glossarycolsep=\dimen140
\glossaryrule=\dimen141
\sideparvshift=\skip156
\sideins=\insert232
\sidebartopsep=\skip157
\sidebarhsep=\skip158
\sidebarvsep=\skip159
\sidebarwidth=\skip160
\footmarkwidth=\skip161
\footmarksep=\skip162
\footparindent=\skip163
\footinsdim=\skip164
\footinsv@r=\insert231
\@mpfootinsv@r=\insert230
\m@m@k=\count113
\m@m@h=\dimen142
\m@mipn@skip=\skip165
\sidefootins=\insert229
\sidefootadjust=\skip166
\sidefootheight=\skip167
\sidefoothsep=\skip168
\sidefootvsep=\skip169
\sidefootwidth=\skip170
\m@mdownsf=\skip171
\c@sidefootnote=\count114
\sidefootmarkwidth=\skip172
\sidefootmarksep=\skip173
\sidefootparindent=\skip174
\c@pagenote=\count115
\c@pagenoteshadow=\count116
\mem@pn@lastkern=\skip175
\every@verbatim=\toks19
\afterevery@verbatim=\toks20
\verbatim@line=\toks21
\tab@position=\count117
\verbatim@in@stream=\read1
\verbatimindent=\skip176
\verbatim@out=\write3
\bvboxsep=\skip177
\c@memfbvline=\count118
\c@bvlinectr=\count119
\bvnumlength=\skip178
\fb@frw=\dimen143
\fb@frh=\dimen144
\FrameRule=\dimen145
\FrameSep=\dimen146
\c@cp@cntr=\count120
LaTeX Info: Redefining \: on input line 11807.
LaTeX Info: Redefining \! on input line 11809.
\c@ism@mctr=\count121
\c@xsm@mctr=\count122
\c@csm@mctr=\count123
\c@ksm@mctr=\count124
\c@xksm@mctr=\count125
\c@cksm@mctr=\count126
\c@msm@mctr=\count127
\c@xmsm@mctr=\count128
\c@cmsm@mctr=\count129
\c@bsm@mctr=\count130
\c@workm@mctr=\count131
\c@sheetsequence=\count132
\c@lastsheet=\count133
\c@lastpage=\count134
\c@figure=\count135
\c@lofdepth=\count136
\cftbeforefigureskip=\skip179
\cftfigureindent=\skip180
\cftfigurenumwidth=\skip181
\c@table=\count137
\c@lotdepth=\count138
\cftbeforetableskip=\skip182
\cfttableindent=\skip183
\cfttablenumwidth=\skip184
Package abstract [2008/07/23] emulated by memoir.
Package appendix [2008/07/23] emulated by memoir.
Package array [2008/07/23] emulated by memoir.
Package booktabs [2008/07/23] emulated by memoir.
Package ccaption [2008/07/23] emulated by memoir.
Package changepage [2008/07/23] emulated by memoir.
Package chngcntr [2008/07/23] emulated by memoir.
Package chngpage [2008/07/23] emulated by memoir.
Package crop emulated by memoir.
Package dcolumn [2008/07/23] emulated by memoir.
Package delarray [2008/07/23] emulated by memoir.
Package enumerate [2008/07/23] emulated by memoir.
Package epigraph [2008/07/23] emulated by memoir.
Package ifmtarg [2008/07/23] emulated by memoir.
Package index [2008/07/23] emulated by memoir.
Package makeidx [2008/07/23] emulated by memoir.
Package moreverb [2008/07/23] emulated by memoir.
Package mparhack [2008/07/23] emulated by memoir.
Package needspace [2008/07/23] emulated by memoir.
Package newfile [2008/07/23] emulated by memoir.
Package nextpage [2008/07/23] emulated by memoir.
Package pagenote [2008/07/23] emulated by memoir.
Package parskip [2008/07/23] emulated by memoir.
Package patchcmd [2008/07/23] emulated by memoir.
Package setspace [2008/07/23] emulated by memoir.
Package shortvrb [2008/07/23] emulated by memoir.
Package showidx [2008/07/23] emulated by memoir.
Package tabularx [2008/07/23] emulated by memoir.
Package titleref [2008/07/23] emulated by memoir.
Package titling [2008/07/23] emulated by memoir.
Package tocbibind [2008/07/23] emulated by memoir.
Package tocloft [2008/07/23] emulated by memoir.
Package tocvsec2 [2008/07/23] emulated by memoir.
Package verbatim [2008/07/23] emulated by memoir.
Package verse [2008/07/23] emulated by memoir.

(/usr/local/texlive/2012/texmf-dist/tex/latex/memoir/mempatch.sty
Package: mempatch 2009/07/24 v6.0f Patches for memoir class v1.6180339
))

******************************************************
Stock height and width: 794.96999pt by 614.295pt
Top and edge trims: 0pt and 0pt
Page height and width: 794.96999pt by 614.295pt
Text height and width: 548.5pt by 383pt
Spine and edge margins: 115.64636pt and 115.64864pt
Upper and lower margins: 124.64378pt and 121.8262pt
Headheight and headsep: 14.5pt and 19.8738pt
Footskip: 30pt
Columnsep and columnseprule: 10pt and 0pt
Marginparsep and marginparwidth: 7pt and 102pt
Sidecapsep and sidecapwidth: 7pt and 102pt
Sidebarhsep and sidebarwidth: 7pt and 102pt
Sidebarvsep and sidebartopsep: 14.5pt and 0pt
Sidebarheight: 546.64995pt
Sidefoothsep and sidefootwidth: 7pt and 102pt
Sidefootvsep and sidefootheight: 14.5pt and 546.64995pt
******************************************************

(/usr/local/texlive/2012/texmf-dist/tex/latex/hyperref/hyperref.sty
Package: hyperref 2012/05/13 v6.82q Hypertext links for LaTeX

(/usr/local/texlive/2012/texmf-dist/tex/generic/oberdiek/hobsub-hyperref.sty
Package: hobsub-hyperref 2012/05/28 v1.13 Bundle oberdiek, subset hyperref (HO)


(/usr/local/texlive/2012/texmf-dist/tex/generic/oberdiek/hobsub-generic.sty
Package: hobsub-generic 2012/05/28 v1.13 Bundle oberdiek, subset generic (HO)
Package: hobsub 2012/05/28 v1.13 Construct package bundles (HO)
Package: infwarerr 2010/04/08 v1.3 Providing info/warning/error messages (HO)
Package: ltxcmds 2011/11/09 v1.22 LaTeX kernel commands for general use (HO)
Package hobsub Info: Skipping package `ifluatex' (already loaded).
Package: ifvtex 2010/03/01 v1.5 Detect VTeX and its facilities (HO)
Package ifvtex Info: VTeX not detected.
Package: intcalc 2007/09/27 v1.1 Expandable calculations with integers (HO)
Package hobsub Info: Skipping package `ifpdf' (already loaded).
Package: etexcmds 2011/02/16 v1.5 Avoid name clashes with e-TeX commands (HO)
Package etexcmds Info: Could not find \expanded.
(etexcmds)             That can mean that you are not using pdfTeX 1.50 or
(etexcmds)             that some package has redefined \expanded.
(etexcmds)             In the latter case, load this package earlier.
Package: kvsetkeys 2012/04/25 v1.16 Key value parser (HO)
Package: kvdefinekeys 2011/04/07 v1.3 Define keys (HO)
Package: pdftexcmds 2011/11/29 v0.20 Utility functions of pdfTeX for LuaTeX (HO
)
Package pdftexcmds Info: LuaTeX not detected.
Package pdftexcmds Info: pdfTeX >= 1.30 not detected.
Package pdftexcmds Info: \pdf@primitive is available.
Package pdftexcmds Info: \pdf@ifprimitive is available.
Package pdftexcmds Info: \pdfdraftmode not found.
Package: pdfescape 2011/11/25 v1.13 Implements pdfTeX's escape features (HO)
Package: bigintcalc 2012/04/08 v1.3 Expandable calculations on big integers (HO
)
Package: bitset 2011/01/30 v1.1 Handle bit-vector datatype (HO)
Package: uniquecounter 2011/01/30 v1.2 Provide unlimited unique counter (HO)
)
Package hobsub Info: Skipping package `hobsub' (already loaded).
Package: letltxmacro 2010/09/02 v1.4 Let assignment for LaTeX macros (HO)
Package: hopatch 2012/05/28 v1.2 Wrapper for package hooks (HO)
Package: xcolor-patch 2011/01/30 xcolor patch
Package: atveryend 2011/06/30 v1.8 Hooks at the very end of document (HO)
Package atveryend Info: \enddocument detected (standard20110627).
Package: atbegshi 2011/10/05 v1.16 At begin shipout hook (HO)
Package: refcount 2011/10/16 v3.4 Data extraction from label references (HO)
Package: hycolor 2011/01/30 v1.7 Color options for hyperref/bookmark (HO)
)
(/usr/local/texlive/2012/texmf-dist/tex/latex/graphics/keyval.sty
Package: keyval 1999/03/16 v1.13 key=value parser (DPC)
\KV@toks@=\toks22
)
(/usr/local/texlive/2012/texmf-dist/tex/latex/oberdiek/kvoptions.sty
Package: kvoptions 2011/06/30 v3.11 Key value format for package options (HO)
)
\@linkdim=\dimen147
\Hy@linkcounter=\count139
\Hy@pagecounter=\count140

(/usr/local/texlive/2012/texmf-dist/tex/latex/hyperref/pd1enc.def
File: pd1enc.def 2012/05/13 v6.82q Hyperref: PDFDocEncoding definition (HO)
)
\Hy@SavedSpaceFactor=\count141

(/usr/local/texlive/2012/texmf-dist/tex/xelatex/xetexconfig/hyperref.cfg
File: hyperref.cfg 2008/07/11 v1.2 hyperref configuration for XeLaTeX
)
Package hyperref Info: Option `hyperindex' set `true' on input line 3941.
Package hyperref Info: Option `colorlinks' set `true' on input line 3941.
Package hyperref Info: Hyper figures OFF on input line 4062.
Package hyperref Info: Link nesting OFF on input line 4067.
Package hyperref Info: Hyper index ON on input line 4070.
Package hyperref Info: Plain pages OFF on input line 4077.
Package hyperref Info: Backreferencing ON on input line 4080.
Package hyperref Info: Implicit mode ON; LaTeX internals redefined.
Package hyperref Info: Bookmarks ON on input line 4300.

(/usr/local/texlive/2012/texmf-dist/tex/latex/hyperref/backref.sty
Package: backref 2010/08/30 v1.36 Bibliographical back referencing

(/usr/local/texlive/2012/texmf-dist/tex/latex/oberdiek/rerunfilecheck.sty
Package: rerunfilecheck 2011/04/15 v1.7 Rerun checks for auxiliary files (HO)
Package rerunfilecheck Info: Feature \pdfmdfivesum is not available
(rerunfilecheck)             (e.g. pdfTeX or LuaTeX with package `pdftexcmds').

(rerunfilecheck)             Therefore file contents cannot be checked efficien
tly
(rerunfilecheck)             and the loading of the package is aborted.
))
\c@Hy@tempcnt=\count142

(/usr/local/texlive/2012/texmf-dist/tex/latex/url/url.sty
\Urlmuskip=\muskip10
Package: url 2006/04/12  ver 3.3  Verb mode for urls, etc.
)
LaTeX Info: Redefining \url on input line 4653.
\Fld@menulength=\count143
\Field@Width=\dimen148
\Fld@charsize=\dimen149
Package hyperref Info: Hyper figures OFF on input line 5773.
Package hyperref Info: Link nesting OFF on input line 5778.
Package hyperref Info: Hyper index ON on input line 5781.
Package hyperref Info: backreferencing ON on input line 5786.
Package hyperref Info: Link coloring ON on input line 5791.
Package hyperref Info: Link coloring with OCG OFF on input line 5798.
Package hyperref Info: PDF/A mode OFF on input line 5803.
LaTeX Info: Redefining \ref on input line 5843.
LaTeX Info: Redefining \pageref on input line 5847.
\Hy@abspage=\count144
\c@Item=\count145
\c@Hfootnote=\count146
)
(/usr/local/texlive/2012/texmf-dist/tex/latex/memoir/memhfixc.sty
Package: memhfixc 2010/08/17 v1.15 nameref/hyperref package fixes for memoir cl
ass
\c@memhycontfloat=\count147
)

Package hyperref Message: Driver (autodetected): hxetex.

(/usr/local/texlive/2012/texmf-dist/tex/latex/hyperref/hxetex.def
File: hxetex.def 2012/05/13 v6.82q Hyperref driver for XeTeX

(/usr/local/texlive/2012/texmf-dist/tex/latex/hyperref/puenc.def
File: puenc.def 2012/05/13 v6.82q Hyperref: PDF Unicode definition (HO)
)
(/usr/local/texlive/2012/texmf-dist/tex/generic/oberdiek/stringenc.sty
Package: stringenc 2011/12/02 v1.10 Convert strings between diff. encodings (HO
)
)
\pdfm@box=\box29
\c@Hy@AnnotLevel=\count148
\HyField@AnnotCount=\count149
\Fld@listcount=\count150
\c@bookmark@seq@number=\count151
\Hy@SectionHShift=\skip185
)
(/usr/local/texlive/2012/texmf-dist/tex/latex/oberdiek/hypcap.sty
Package: hypcap 2011/02/16 v1.11 Adjusting the anchors of captions (HO)
)
(/usr/local/texlive/2012/texmf-dist/tex/latex/float/float.sty
Package: float 2001/11/08 v1.3d Float enhancements (AL)
\c@float@type=\count152
\float@exts=\toks23
\float@box=\box30
\@float@everytoks=\toks24
\@floatcapt=\box31
)
(/Users/gacs/tex/algorithm2e/algorithm2e.sty
Invalid UTF-8 byte or sequence at line 322 replaced by U+FFFD.
Package: algorithm2e 2008/00/00 v3.10 algorithms environments
\c@AlgoLine=\count153

(/usr/local/texlive/2012/texmf-dist/tex/latex/base/ifthen.sty
Package: ifthen 2001/05/26 v1.1c Standard LaTeX ifthen package (DPC)
)
Invalid UTF-8 byte or sequence at line 780 replaced by U+FFFD.
Invalid UTF-8 byte or sequence at line 782 replaced by U+FFFD.

(/usr/local/texlive/2012/texmf-dist/tex/latex/tools/xspace.sty
Package: xspace 2009/10/20 v1.13 Space after command names (DPC,MH)
)
(/usr/local/texlive/2012/texmf-dist/tex/latex/relsize/relsize.sty
Package: relsize 2011/09/21 ver 4.0

Examine \normalsize starts \@setfontsize size may be \@xiipt. 
Examine \small starts \@setfontsize size may be \@xipt. 
Examine \footnotesize starts \@setfontsize size may be \@xpt. 
Examine \large starts \@setfontsize size may be \@xivpt. 
Examine \Large starts \@setfontsize size may be \@xviipt. 
Examine \LARGE starts \@setfontsize size may be \@xxpt. 
Examine \scriptsize starts \@setfontsize size may be \@ixpt. 
Examine \tiny starts \@setfontsize size may be \@viiipt. 
Examine \huge starts \@setfontsize size may be \@xxvpt. 
Examine \Huge starts \@setfontsize size may be \@xxvpt. 
Examine \HUGE starts \@setfontsize size may be \@xxvpt. )
********************************************************
Package `algorithm2e' Release 4.01 -- december 14 2009 --
- algorithm2e-announce@lirmm.fr mailing list for announcement about releases
- algorithm2e-discussion@lirmm.fr mailing list for discussion about package
subscribe by emailing sympa@lirmm.fr with 'subscribe <list> <firstname name>'
- Author: Christophe Fiorio (fiorio@lirmm.fr)
********************************************************
\skiptotal=\skip186
\skiplinenumber=\skip187
\skiprule=\skip188
\skiphlne=\skip189
\skiptext=\skip190
\skiplength=\skip191
\algomargin=\skip192
\skipalgocfslide=\skip193
\algowidth=\dimen150
\inoutsize=\dimen151
\inoutline=\dimen152
\interspacetitleruled=\dimen153
\interspacealgoruled=\dimen154
\interspacetitleboxruled=\dimen155
\algocf@inoutbox=\box32
\algocf@inputbox=\box33
\AlCapSkip=\skip194
\AlCapHSkip=\skip195
\algocf@nlbox=\box34
\algocf@hangingbox=\box35
\algocf@capbox=\box36
\algoheightruledefault=\skip196
\algoheightrule=\skip197
\algotitleheightruledefault=\skip198
\algotitleheightrule=\skip199
\c@algocfline=\count154
\c@algocfproc=\count155
\c@algocf=\count156
\algocf@algoframe=\box37
\algocf@algobox=\box38
Invalid UTF-8 byte or sequence at line 2422 replaced by U+FFFD.
Invalid UTF-8 byte or sequence at line 2503 replaced by U+FFFD.
Invalid UTF-8 byte or sequence at line 2511 replaced by U+FFFD.
Invalid UTF-8 byte or sequence at line 2511 replaced by U+FFFD.
Invalid UTF-8 byte or sequence at line 2534 replaced by U+FFFD.
Invalid UTF-8 byte or sequence at line 2586 replaced by U+FFFD.
Invalid UTF-8 byte or sequence at line 2594 replaced by U+FFFD.
Invalid UTF-8 byte or sequence at line 2594 replaced by U+FFFD.
) (/Users/gacs/tex/cheatpf.sty
\pfindent=\skip200
\pftopsep=\skip201
\pfbotsep=\skip202
\pfsep=\skip203
\stepsep=\skip204
\pfbox=\box39
\c@pfhidelevel=\count157
\pfshortNumberLevel=\count158
\c@pf@sidenumberdepth=\count159
\pf@sidenumberoutdent=\skip205
\pfLevelCount=\count160
\pfStepCount=\count161
\pf@outdent=\skip206
\c@branch=\count162
\c@branchi=\count163
\c@branchii=\count164
\c@branchiii=\count165
\c@branchiv=\count166
\c@branchv=\count167
\c@branchvi=\count168
\c@pf@conjCounter=\count169
\c@pfenum=\count170
\c@pfenumdepth=\count171
\enumindent=\skip207
\c@pfenumi=\count172
\c@pfenumii=\count173
\c@pfenumiii=\count174
) (/Users/gacs/tex/gacs.sty
Package: gacs 2008/11/25

(/usr/local/texlive/2012/texmf-dist/tex/latex/mh/mathtools.sty
Package: mathtools 2012/04/24 v1.12 mathematical typesetting tools

(/usr/local/texlive/2012/texmf-dist/tex/latex/tools/calc.sty
Package: calc 2007/08/22 v4.3 Infix arithmetic (KKT,FJ)
\calc@Acount=\count175
\calc@Bcount=\count176
\calc@Adimen=\dimen156
\calc@Bdimen=\dimen157
\calc@Askip=\skip208
\calc@Bskip=\skip209
LaTeX Info: Redefining \setlength on input line 76.
LaTeX Info: Redefining \addtolength on input line 77.
\calc@Ccount=\count177
\calc@Cskip=\skip210
)
(/usr/local/texlive/2012/texmf-dist/tex/latex/mh/mhsetup.sty
Package: mhsetup 2010/01/21 v1.2a programming setup (MH)
)
(/usr/local/texlive/2012/texmf-dist/tex/latex/amsmath/amsmath.sty
Package: amsmath 2000/07/18 v2.13 AMS math features
\@mathmargin=\skip211

For additional information on amsmath, use the `?' option.
(/usr/local/texlive/2012/texmf-dist/tex/latex/amsmath/amstext.sty
Package: amstext 2000/06/29 v2.01

(/usr/local/texlive/2012/texmf-dist/tex/latex/amsmath/amsgen.sty
File: amsgen.sty 1999/11/30 v2.0
\@emptytoks=\toks25
\ex@=\dimen158
))
(/usr/local/texlive/2012/texmf-dist/tex/latex/amsmath/amsbsy.sty
Package: amsbsy 1999/11/29 v1.2d
\pmbraise@=\dimen159
)
(/usr/local/texlive/2012/texmf-dist/tex/latex/amsmath/amsopn.sty
Package: amsopn 1999/12/14 v2.01 operator names
)
\inf@bad=\count178
LaTeX Info: Redefining \frac on input line 211.
\uproot@=\count179
\leftroot@=\count180
LaTeX Info: Redefining \overline on input line 307.
\classnum@=\count181
\DOTSCASE@=\count182
LaTeX Info: Redefining \ldots on input line 379.
LaTeX Info: Redefining \dots on input line 382.
LaTeX Info: Redefining \cdots on input line 467.
\Mathstrutbox@=\box40
\strutbox@=\box41
\big@size=\dimen160
LaTeX Font Info:    Redeclaring font encoding OML on input line 567.
LaTeX Font Info:    Redeclaring font encoding OMS on input line 568.
\macc@depth=\count183
\c@MaxMatrixCols=\count184
\dotsspace@=\muskip11
\c@parentequation=\count185
\dspbrk@lvl=\count186
\tag@help=\toks26
\row@=\count187
\column@=\count188
\maxfields@=\count189
\andhelp@=\toks27
\eqnshift@=\dimen161
\alignsep@=\dimen162
\tagshift@=\dimen163
\tagwidth@=\dimen164
\totwidth@=\dimen165
\lineht@=\dimen166
\@envbody=\toks28
\multlinegap=\skip212
\multlinetaggap=\skip213
\mathdisplay@stack=\toks29
LaTeX Info: Redefining \[ on input line 2666.
LaTeX Info: Redefining \] on input line 2667.
)
\g_MT_multlinerow_int=\count190
\l_MT_multwidth_dim=\dimen167
\origjot=\skip214
\l_MT_shortvdotswithinadjustabove_dim=\dimen168
\l_MT_shortvdotswithinadjustbelow_dim=\dimen169
\l_MT_above_intertext_dim=\dimen170
\l_MT_below_intertext_dim=\dimen171
\l_MT_above_shortintertext_dim=\dimen172
\l_MT_below_shortintertext_dim=\dimen173
)
(/usr/local/texlive/2012/texmf-dist/tex/latex/amscls/amsthm.sty
Package: amsthm 2009/07/02 v2.20.1
\thm@style=\toks30
\thm@bodyfont=\toks31
\thm@headfont=\toks32
\thm@notefont=\toks33
\thm@headpunct=\toks34
\thm@preskip=\skip215
\thm@postskip=\skip216
\thm@headsep=\skip217
\dth@everypar=\toks35
)
(/usr/local/texlive/2012/texmf-dist/tex/latex/graphics/graphicx.sty
Package: graphicx 1999/02/16 v1.0f Enhanced LaTeX Graphics (DPC,SPQR)

(/usr/local/texlive/2012/texmf-dist/tex/latex/graphics/graphics.sty
Package: graphics 2009/02/05 v1.0o Standard LaTeX Graphics (DPC,SPQR)

(/usr/local/texlive/2012/texmf-dist/tex/latex/graphics/trig.sty
Package: trig 1999/03/16 v1.09 sin cos tan (DPC)
)
(/usr/local/texlive/2012/texmf-dist/tex/latex/latexconfig/graphics.cfg
File: graphics.cfg 2010/04/23 v1.9 graphics configuration of TeX Live
)
Package graphics Info: Driver file: xetex.def on input line 91.

(/usr/local/texlive/2012/texmf-dist/tex/xelatex/xetex-def/xetex.def
File: xetex.def 2009/11/22 v0.94 LaTeX color/graphics driver for XeTeX (RRM/JK)

))
\Gin@req@height=\dimen174
\Gin@req@width=\dimen175
)
\c@program=\count191
\c@progpart=\count192
\c@lemma=\count193
\c@theorem=\count194
\c@question=\count195
\c@exercise=\count196
\c@HwExercise=\count197
\c@problem=\count198
\c@arule=\count199
)
(/Users/gacs/tex/gacs-algo.sty
\captionskip=\skip218
)
(/usr/local/texlive/2012/texmf-dist/tex/latex/libertineotf/libertineotf.sty
Package: libertineotf 2012/04/07 5.13-8: Libertine OTF (PGU)

(/usr/local/texlive/2012/texmf-dist/tex/latex/lettrine/lettrine.sty
File: lettrine.sty 2007/08/08 v1.62 (Daniel Flipo)
\c@DefaultLines=\count200
\DefaultFindent=\dimen176
\DefaultNindent=\dimen177
\DefaultSlope=\dimen178
\L@lbox=\box42
\L@tbox=\box43
\c@L@lines=\count201
\L@Pindent=\dimen179
\L@Findent=\dimen180
\L@Nindent=\dimen181
\L@lraise=\dimen182
\L@first=\dimen183
\L@next=\dimen184
\L@slope=\dimen185
\L@height=\dimen186
\LettrineWidth=\dimen187

Loading lettrine.cfg
(/usr/local/texlive/2012/texmf-dist/tex/latex/lettrine/lettrine.cfg))
(/usr/local/texlive/2012/texmf-dist/tex/latex/fontspec/fontspec.sty
Package: fontspec 2012/05/06 v2.2b Advanced font selection for XeLaTeX/LuaLaTeX


(/usr/local/texlive/2012/texmf-dist/tex/latex/l3kernel/expl3.sty
(/usr/local/texlive/2012/texmf-dist/tex/latex/l3kernel/l3names.sty
(/usr/local/texlive/2012/texmf-dist/tex/latex/l3kernel/l3bootstrap.sty
Package: l3bootstrap 2011/12/29 v3110 L3 Experimental bootstrap code
)
Package: l3names 2012/03/04 v3494 L3 Experimental namespace for primitives
)
Package: expl3 2012/04/23 v3570 L3 Experimental code bundle wrapper

(/usr/local/texlive/2012/texmf-dist/tex/latex/graphics/color.sty
Package: color 2005/11/14 v1.0j Standard LaTeX Color (DPC)

(/usr/local/texlive/2012/texmf-dist/tex/latex/latexconfig/color.cfg
File: color.cfg 2007/01/18 v1.5 color configuration of teTeX/TeXLive
)
Package color Info: Driver file: xetex.def on input line 130.
)
(/usr/local/texlive/2012/texmf-dist/tex/latex/l3kernel/l3basics.sty
Package: l3basics 2012/03/04 v3491 L3 Experimental basic definitions
)
(/usr/local/texlive/2012/texmf-dist/tex/latex/l3kernel/l3expan.sty
Package: l3expan 2012/02/26 v3460 L3 Experimental argument expansion
)
(/usr/local/texlive/2012/texmf-dist/tex/latex/l3kernel/l3tl.sty
Package: l3tl 2012/03/04 v3490 L3 Experimental token lists
)
(/usr/local/texlive/2012/texmf-dist/tex/latex/l3kernel/l3seq.sty
Package: l3seq 2012/03/04 v3490 L3 Experimental sequences and stacks
)
(/usr/local/texlive/2012/texmf-dist/tex/latex/l3kernel/l3int.sty
Package: l3int 2012/03/04 v3490 L3 Experimental integers
Normal \count register pool exhausted, switching to extended pool.
\c_max_int=\count277
\l_tmpa_int=\count278
\l_tmpb_int=\count279
\l_tmpc_int=\count280
\g_tmpa_int=\count281
\g_tmpb_int=\count282
)
(/usr/local/texlive/2012/texmf-dist/tex/latex/l3kernel/l3quark.sty
Package: l3quark 2012/02/12 v3384 L3 Experimental quarks
)
(/usr/local/texlive/2012/texmf-dist/tex/latex/l3kernel/l3prg.sty
Package: l3prg 2012/03/04 v3490 L3 Experimental control structures
\g_prg_map_int=\count283
)
(/usr/local/texlive/2012/texmf-dist/tex/latex/l3kernel/l3clist.sty
Package: l3clist 2012/03/04 v3490 L3 Experimental comma separated lists
)
(/usr/local/texlive/2012/texmf-dist/tex/latex/l3kernel/l3token.sty
Package: l3token 2012/03/04 v3491 L3 Experimental token manipulation
)
(/usr/local/texlive/2012/texmf-dist/tex/latex/l3kernel/l3prop.sty
Package: l3prop 2012/03/04 v3490 L3 Experimental property lists
)
(/usr/local/texlive/2012/texmf-dist/tex/latex/l3kernel/l3msg.sty
Package: l3msg 2012/04/23 v3568 L3 Experimental messages
)
(/usr/local/texlive/2012/texmf-dist/tex/latex/l3kernel/l3file.sty
Package: l3file 2012/03/09 v3520 L3 Experimental file and I/O operations
\l_iow_stream_int=\count284
\l_iow_line_length_int=\count285
\l_iow_target_length_int=\count286
\l_iow_current_line_int=\count287
\l_iow_current_word_int=\count288
\l_iow_current_indentation_int=\count289
)
(/usr/local/texlive/2012/texmf-dist/tex/latex/l3kernel/l3skip.sty
Package: l3skip 2012/03/05 v3499 L3 Experimental dimensions and skips
\l_tmpa_dim=\dimen188
\l_tmpb_dim=\dimen189
\l_tmpc_dim=\dimen190
\g_tmpa_dim=\dimen191
\g_tmpb_dim=\dimen192
Normal \skip register pool exhausted, switching to extended pool.
\l_tmpa_skip=\skip256
\l_tmpb_skip=\skip257
\l_tmpc_skip=\skip258
\g_tmpa_skip=\skip259
\g_tmpb_skip=\skip260
)
(/usr/local/texlive/2012/texmf-dist/tex/latex/l3kernel/l3keys.sty
Package: l3keys 2012/03/03 v3487 L3 Experimental key-value interfaces
\g_keyval_level_int=\count290
\l_keys_choice_int=\count291
)
(/usr/local/texlive/2012/texmf-dist/tex/latex/l3kernel/l3fp.sty
Package: l3fp 2012/03/04 v3490 L3 Experimental floating-point operations
\c_one_hundred_million=\count292
\c_five_hundred_million=\count293
\c_one_thousand_million=\count294
\c_fp_pi_by_four_decimal_int=\count295
\c_fp_pi_by_four_extended_int=\count296
\c_fp_pi_decimal_int=\count297
\c_fp_pi_extended_int=\count298
\c_fp_two_pi_decimal_int=\count299
\c_fp_two_pi_extended_int=\count300
\l_fp_count_int=\count301
\l_fp_div_offset_int=\count302
\l_fp_exp_integer_int=\count303
\l_fp_exp_decimal_int=\count304
\l_fp_exp_extended_int=\count305
\l_fp_exp_exponent_int=\count306
\l_fp_input_a_sign_int=\count307
\l_fp_input_a_integer_int=\count308
\l_fp_input_a_decimal_int=\count309
\l_fp_input_a_exponent_int=\count310
\l_fp_input_b_sign_int=\count311
\l_fp_input_b_integer_int=\count312
\l_fp_input_b_decimal_int=\count313
\l_fp_input_b_exponent_int=\count314
\l_fp_input_a_extended_int=\count315
\l_fp_input_b_extended_int=\count316
\l_fp_mul_a_i_int=\count317
\l_fp_mul_a_ii_int=\count318
\l_fp_mul_a_iii_int=\count319
\l_fp_mul_a_iv_int=\count320
\l_fp_mul_a_v_int=\count321
\l_fp_mul_a_vi_int=\count322
\l_fp_mul_b_i_int=\count323
\l_fp_mul_b_ii_int=\count324
\l_fp_mul_b_iii_int=\count325
\l_fp_mul_b_iv_int=\count326
\l_fp_mul_b_v_int=\count327
\l_fp_mul_b_vi_int=\count328
\l_fp_mul_output_int=\count329
\l_fp_output_sign_int=\count330
\l_fp_output_integer_int=\count331
\l_fp_output_decimal_int=\count332
\l_fp_output_exponent_int=\count333
\l_fp_output_extended_int=\count334
\l_fp_round_position_int=\count335
\l_fp_round_target_int=\count336
\l_fp_split_sign_int=\count337
\l_fp_internal_int=\count338
\l_fp_trig_octant_int=\count339
\l_fp_trig_sign_int=\count340
\l_fp_trig_decimal_int=\count341
\l_fp_trig_extended_int=\count342
\l_fp_internal_dim=\dimen193
\l_fp_internal_skip=\skip261
)
(/usr/local/texlive/2012/texmf-dist/tex/latex/l3kernel/l3box.sty
Package: l3box 2012/03/04 v3490 L3 Experimental boxes
\l_tmpb_box=\box44
\l_box_top_dim=\dimen194
\l_box_bottom_dim=\dimen195
\l_box_left_dim=\dimen196
Normal \dimen register pool exhausted, switching to extended pool.
\l_box_right_dim=\dimen256
\l_box_top_new_dim=\dimen257
\l_box_bottom_new_dim=\dimen258
\l_box_left_new_dim=\dimen259
\l_box_right_new_dim=\dimen260
\l_box_internal_box=\box45
)
(/usr/local/texlive/2012/texmf-dist/tex/latex/l3kernel/l3coffins.sty
Package: l3coffins 2012/03/03 v3482 L3 Experimental coffin code layer
\l_coffin_internal_box=\box46
\l_coffin_internal_dim=\dimen261
\l_coffin_offset_x_dim=\dimen262
\l_coffin_offset_y_dim=\dimen263
\l_coffin_x_dim=\dimen264
\l_coffin_y_dim=\dimen265
\l_coffin_x_prime_dim=\dimen266
\l_coffin_y_prime_dim=\dimen267
\l_coffin_Depth_dim=\dimen268
\l_coffin_Height_dim=\dimen269
\l_coffin_TotalHeight_dim=\dimen270
\l_coffin_Width_dim=\dimen271
\c_empty_coffin=\box47
\l_coffin_aligned_coffin=\box48
\l_coffin_aligned_internal_coffin=\box49
\l_coffin_bounding_shift_dim=\dimen272
\l_coffin_left_corner_dim=\dimen273
\l_coffin_right_corner_dim=\dimen274
\l_coffin_bottom_corner_dim=\dimen275
\l_coffin_top_corner_dim=\dimen276
\l_coffin_scaled_total_height_dim=\dimen277
\l_coffin_scaled_width_dim=\dimen278
\l_coffin_display_coffin=\box50
\l_coffin_display_coord_coffin=\box51
\l_coffin_display_pole_coffin=\box52
\l_coffin_display_offset_dim=\dimen279
\l_coffin_display_x_dim=\dimen280
\l_coffin_display_y_dim=\dimen281
)
(/usr/local/texlive/2012/texmf-dist/tex/latex/l3kernel/l3color.sty
Package: l3color 2011/09/07 v2776 L3 Experimental colour support
)
(/usr/local/texlive/2012/texmf-dist/tex/latex/l3kernel/l3luatex.sty
Package: l3luatex 2012/02/09 v3355 L3 Experimental LuaTeX-specific functions
\g_cctab_allocate_int=\count343
\g_cctab_stack_int=\count344
))
(/usr/local/texlive/2012/texmf-dist/tex/latex/l3packages/xparse/xparse.sty
Package: xparse 2012/04/23 v3570 L3 Experimental document command parser
\l_xparse_current_arg_int=\count345
\l_xparse_m_args_int=\count346
\l_xparse_mandatory_args_int=\count347
\l_xparse_processor_int=\count348
\l_xparse_v_nesting_int=\count349
)
\l_fontspec_script_int=\count350
\l_fontspec_language_int=\count351
\l_fontspec_strnum_int=\count352
\l_fontspec_tmpa_dim=\dimen282
\l_fontspec_tmpb_dim=\dimen283
\l_fontspec_tmpc_dim=\dimen284
Variant \tl_gset:cV already defined; not changing it on line 66

(/usr/local/texlive/2012/texmf-dist/tex/latex/fontspec/fontspec-patches.sty
Package: fontspec-patches 2012/05/06 v2.2b Advanced font selection for XeLaTeX/
LuaLaTeX

(/usr/local/texlive/2012/texmf-dist/tex/latex/base/fixltx2e.sty
Package: fixltx2e 2006/09/13 v1.1m fixes to LaTeX
LaTeX Info: Redefining \em on input line 420.
LaTeX Info: Redefining \textsubscript on input line 424.
LaTeX Info: The control sequence `\[' is already robust on input line 471.
LaTeX Info: The control sequence `\]' is already robust on input line 472.
)
LaTeX Info: Redefining \em on input line 22.
LaTeX Info: Redefining \emph on input line 29.
LaTeX Info: Redefining \- on input line 32.

*************************************************
* LaTeX warning: "xparse/redefine-command"
* 
* Redefining document command \oldstylenums with arg. spec. 'm' on line 107.
*************************************************
.................................................
. LaTeX info: "xparse/define-command"
. 
. Defining document command \liningnums with arg. spec. 'm' on line 111.
.................................................
) (/usr/local/texlive/2012/texmf-dist/tex/latex/fontspec/fontspec-xetex.sty
Package: fontspec-xetex 2012/05/06 v2.2b Advanced font selection for XeLaTeX/Lu
aLaTeX

(/usr/local/texlive/2012/texmf-dist/tex/latex/base/fontenc.sty
Package: fontenc 2005/09/27 v1.99g Standard LaTeX package

(/usr/local/texlive/2012/texmf-dist/tex/latex/euenc/eu1enc.def
File: eu1enc.def 2010/05/27 v0.1h Experimental Unicode font encodings
)
LaTeX Font Info:    Try loading font information for EU1+lmr on input line 100.


(/usr/local/texlive/2012/texmf-dist/tex/latex/euenc/eu1lmr.fd
File: eu1lmr.fd 2009/10/30 v1.6 Font defs for Latin Modern
)
Requested font "[lmroman10-regular]:mapping=tex-text" at 10.0pt
 -> /usr/local/texlive/2012/texmf-dist/fonts/opentype/public/lm/lmroman10-regul
ar.otf
)
(/usr/local/texlive/2012/texmf-dist/tex/xelatex/xunicode/xunicode.sty
File: xunicode.sty 2011/09/09 v0.981 provides access to latin accents and many 
other characters in Unicode lower plane

(/usr/local/texlive/2012/texmf-dist/tex/latex/tipa/t3enc.def
File: t3enc.def 2001/12/31 T3 encoding
Requested font "[lmromanslant10-regular]:mapping=tex-text" at 10.0pt
 -> /usr/local/texlive/2012/texmf-dist/fonts/opentype/public/lm/lmromanslant10-
regular.otf
Requested font "[lmroman10-italic]:mapping=tex-text" at 10.0pt
 -> /usr/local/texlive/2012/texmf-dist/fonts/opentype/public/lm/lmroman10-itali
c.otf
Requested font "[lmroman10-bold]:mapping=tex-text" at 10.0pt
 -> /usr/local/texlive/2012/texmf-dist/fonts/opentype/public/lm/lmroman10-bold.
otf
LaTeX Font Info:    Try loading font information for EU1+lmss on input line 357
.

(/usr/local/texlive/2012/texmf-dist/tex/latex/euenc/eu1lmss.fd
File: eu1lmss.fd 2009/10/30 v1.6 Font defs for Latin Modern
)
Requested font "[lmsans10-regular]:mapping=tex-text" at 10.0pt
 -> /usr/local/texlive/2012/texmf-dist/fonts/opentype/public/lm/lmsans10-regula
r.otf
)
\tipaTiiicode=\count353
\tipasavetokens=\toks36
\tipachecktokens=\toks37
)
.................................................
. LaTeX info: "xparse/define-command"
. 
. Defining document command \fontspec with arg. spec. 'O{}m' on line 39.
.................................................
.................................................
. LaTeX info: "xparse/define-command"
. 
. Defining document command \setmainfont with arg. spec. 'O{}m' on line 43.
.................................................
.................................................
. LaTeX info: "xparse/define-command"
. 
. Defining document command \setsansfont with arg. spec. 'O{}m' on line 47.
.................................................
.................................................
. LaTeX info: "xparse/define-command"
. 
. Defining document command \setmonofont with arg. spec. 'O{}m' on line 51.
.................................................
.................................................
. LaTeX info: "xparse/define-command"
. 
. Defining document command \setmathrm with arg. spec. 'O{}m' on line 59.
.................................................
.................................................
. LaTeX info: "xparse/define-command"
. 
. Defining document command \setboldmathrm with arg. spec. 'O{}m' on line 62.
.................................................
.................................................
. LaTeX info: "xparse/define-command"
. 
. Defining document command \setmathsf with arg. spec. 'O{}m' on line 65.
.................................................
.................................................
. LaTeX info: "xparse/define-command"
. 
. Defining document command \setmathtt with arg. spec. 'O{}m' on line 68.
.................................................
.................................................
. LaTeX info: "xparse/define-command"
. 
. Defining document command \newfontfamily with arg. spec. 'mO{}m' on line 84.
.................................................
.................................................
. LaTeX info: "xparse/define-command"
. 
. Defining document command \newfontface with arg. spec. 'mO{}m' on line 87.
.................................................
.................................................
. LaTeX info: "xparse/define-command"
. 
. Defining document command \defaultfontfeatures with arg. spec. 'm' on line
. 91.
.................................................
.................................................
. LaTeX info: "xparse/define-command"
. 
. Defining document command \addfontfeatures with arg. spec. 'm' on line 107.
.................................................
.................................................
. LaTeX info: "xparse/define-command"
. 
. Defining document command \newfontfeature with arg. spec. 'mm' on line 118.
.................................................
.................................................
. LaTeX info: "xparse/define-command"
. 
. Defining document command \newAATfeature with arg. spec. 'mmmm' on line 125.
.................................................
.................................................
. LaTeX info: "xparse/define-command"
. 
. Defining document command \newICUfeature with arg. spec. 'mmm' on line 132.
.................................................
.................................................
. LaTeX info: "xparse/define-command"
. 
. Defining document command \aliasfontfeature with arg. spec. 'mm' on line
. 159.
.................................................
.................................................
. LaTeX info: "xparse/define-command"
. 
. Defining document command \aliasfontfeatureoption with arg. spec. 'mmm' on
. line 164.
.................................................
.................................................
. LaTeX info: "xparse/define-command"
. 
. Defining document command \newfontscript with arg. spec. 'mm' on line 169.
.................................................
.................................................
. LaTeX info: "xparse/define-command"
. 
. Defining document command \newfontlanguage with arg. spec. 'mm' on line 192.
.................................................
.................................................
. LaTeX info: "xparse/define-command"
. 
. Defining document command \DeclareFontsExtensions with arg. spec. 'm' on
. line 211.
.................................................
Variant \prop_gput:cnV already defined; not changing it on line 485
Variant \prop_gput:cnx already defined; not changing it on line 486
\l_fontspec_tmp_int=\count354
LaTeX Info: Redefining \itshape on input line 1893.
LaTeX Info: Redefining \slshape on input line 1897.
LaTeX Info: Redefining \scshape on input line 1901.
LaTeX Info: Redefining \upshape on input line 1905.

(/usr/local/texlive/2012/texmf-dist/tex/latex/fontspec/fontspec.cfg)))
Requested font "[LinLibertine_R.otf]/ICU" at 10.0pt
 -> /usr/local/texlive/2012/texmf-dist/fonts/opentype/public/libertineotf/LinLi
bertine_R.otf
\g_fontspec_family_LinLibertine_R_int=\count355
Requested font "[LinLibertine_RB.otf]/ICU" at 10.0pt
 -> /usr/local/texlive/2012/texmf-dist/fonts/opentype/public/libertineotf/LinLi
bertine_RB.otf
Requested font "[LinLibertine_RI.otf]/ICU" at 10.0pt
 -> /usr/local/texlive/2012/texmf-dist/fonts/opentype/public/libertineotf/LinLi
bertine_RI.otf
Requested font "[LinLibertine_aRL.otf]/ICU" at 10.0pt
 -> /usr/local/texlive/2012/texmf-dist/fonts/opentype/public/libertineotf/LinLi
bertine_aRL.otf
Requested font "[LinLibertine_RBI.otf]/ICU" at 10.0pt
 -> /usr/local/texlive/2012/texmf-dist/fonts/opentype/public/libertineotf/LinLi
bertine_RBI.otf
Requested font "[LinLibertine_aBL.otf]/ICU" at 10.0pt
 -> /usr/local/texlive/2012/texmf-dist/fonts/opentype/public/libertineotf/LinLi
bertine_aBL.otf
.................................................
. fontspec info: "defining-font"
. 
. Font family 'LinLibertine_R(0)' created for font 'LinLibertine_R' with
. options [Extension=.otf, BoldFont=LinLibertine_RB,
. ItalicFont=LinLibertine_RI, BoldItalicFont=LinLibertine_RBI,
. SlantedFont=LinLibertine_aRL, BoldSlantedFont=LinLibertine_aBL,
. SmallCapsFont=LinLibertine_R, SmallCapsFeatures={Letters=SmallCaps},
. Ligatures=TeX].
. 
. This font family consists of the following shapes:
. 
. * 'normal' with NFSS spec.:
. <->"[LinLibertine_R.otf]/ICU:script=latn;language=DFLT;mapping=tex-text;"
. 
. * 'small caps' with NFSS spec.:
. 
. <->"[LinLibertine_R.otf]/ICU:script=latn;language=DFLT;mapping=tex-text;+smcp
;"
. 
. * 'bold' with NFSS spec.:
. <->"[LinLibertine_RB.otf]/ICU:script=latn;language=DFLT;mapping=tex-text;"
. 
. * 'bold small caps' with NFSS spec.:
. 
. <->"[LinLibertine_R.otf]/ICU:script=latn;language=DFLT;mapping=tex-text;+smcp
;"
. 
. * 'italic' with NFSS spec.:
. <->"[LinLibertine_RI.otf]/ICU:script=latn;language=DFLT;mapping=tex-text;"
. 
. * 'italic small caps' with NFSS spec.:
. 
. <->"[LinLibertine_R.otf]/ICU:script=latn;language=DFLT;mapping=tex-text;+smcp
;"
. 
. * 'sl/' with NFSS spec.:
. <->"[LinLibertine_aRL.otf]/ICU:script=latn;language=DFLT;mapping=tex-text;"
. 
. * 'small caps' with NFSS spec.:
. 
. <->"[LinLibertine_R.otf]/ICU:script=latn;language=DFLT;mapping=tex-text;+smcp
;"
. 
. * 'bold italic' with NFSS spec.:
. <->"[LinLibertine_RBI.otf]/ICU:script=latn;language=DFLT;mapping=tex-text;"
. 
. * 'bold italic small caps' with NFSS spec.:
. 
. <->"[LinLibertine_R.otf]/ICU:script=latn;language=DFLT;mapping=tex-text;+smcp
;"
. 
. * 'sl/' with NFSS spec.:
. <->"[LinLibertine_aBL.otf]/ICU:script=latn;language=DFLT;mapping=tex-text;"
. 
. * 'bold small caps' with NFSS spec.:
. 
. <->"[LinLibertine_R.otf]/ICU:script=latn;language=DFLT;mapping=tex-text;+smcp
;"
.................................................
Requested font "[LinLibertine_R.otf]/ICU:script=latn;language=DFLT;mapping=tex-
text;" at 10.0pt
 -> /usr/local/texlive/2012/texmf-dist/fonts/opentype/public/libertineotf/LinLi
bertine_R.otf
Requested font "[LinBiolinum_R.otf]/ICU" at 10.0pt
 -> /usr/local/texlive/2012/texmf-dist/fonts/opentype/public/libertineotf/LinBi
olinum_R.otf
\g_fontspec_family_LinBiolinum_R_int=\count356
Requested font "[LinBiolinum_RB.otf]/ICU" at 10.0pt
 -> /usr/local/texlive/2012/texmf-dist/fonts/opentype/public/libertineotf/LinBi
olinum_RB.otf
Requested font "[LinBiolinum_RI.otf]/ICU" at 10.0pt
 -> /usr/local/texlive/2012/texmf-dist/fonts/opentype/public/libertineotf/LinBi
olinum_RI.otf
Requested font "[LinBiolinum_aRL.otf]/ICU" at 10.0pt
 -> /usr/local/texlive/2012/texmf-dist/fonts/opentype/public/libertineotf/LinBi
olinum_aRL.otf
Requested font "[LinBiolinum_aBL.otf]/ICU" at 10.0pt
 -> /usr/local/texlive/2012/texmf-dist/fonts/opentype/public/libertineotf/LinBi
olinum_aBL.otf
.................................................
. fontspec info: "defining-font"
. 
. Font family 'LinBiolinum_R(0)' created for font 'LinBiolinum_R' with options
. [Extension=.otf, BoldFont=LinBiolinum_RB, ItalicFont=LinBiolinum_RI,
. BoldItalicFont=LinBiolinum_RB,SlantedFont=LinBiolinum_aRL,
. BoldSlantedFont=LinBiolinum_aBL, SmallCapsFont=LinBiolinum_R,
. SmallCapsFeatures={Letters=SmallCaps}, Ligatures=TeX].
. 
. This font family consists of the following shapes:
. 
. * 'normal' with NFSS spec.:
. <->"[LinBiolinum_R.otf]/ICU:script=latn;language=DFLT;mapping=tex-text;"
. 
. * 'small caps' with NFSS spec.:
. 
. <->"[LinBiolinum_R.otf]/ICU:script=latn;language=DFLT;mapping=tex-text;+smcp;
"
. 
. * 'bold' with NFSS spec.:
. <->"[LinBiolinum_RB.otf]/ICU:script=latn;language=DFLT;mapping=tex-text;"
. 
. * 'bold small caps' with NFSS spec.:
. 
. <->"[LinBiolinum_R.otf]/ICU:script=latn;language=DFLT;mapping=tex-text;+smcp;
"
. 
. * 'italic' with NFSS spec.:
. <->"[LinBiolinum_RI.otf]/ICU:script=latn;language=DFLT;mapping=tex-text;"
. 
. * 'italic small caps' with NFSS spec.:
. 
. <->"[LinBiolinum_R.otf]/ICU:script=latn;language=DFLT;mapping=tex-text;+smcp;
"
. 
. * 'sl/' with NFSS spec.:
. <->"[LinBiolinum_aRL.otf]/ICU:script=latn;language=DFLT;mapping=tex-text;"
. 
. * 'small caps' with NFSS spec.:
. 
. <->"[LinBiolinum_R.otf]/ICU:script=latn;language=DFLT;mapping=tex-text;+smcp;
"
. 
. * 'bold italic' with NFSS spec.:
. <->"[LinBiolinum_RB.otf]/ICU:script=latn;language=DFLT;mapping=tex-text;"
. 
. * 'bold italic small caps' with NFSS spec.:
. 
. <->"[LinBiolinum_R.otf]/ICU:script=latn;language=DFLT;mapping=tex-text;+smcp;
"
. 
. * 'sl/' with NFSS spec.:
. <->"[LinBiolinum_aBL.otf]/ICU:script=latn;language=DFLT;mapping=tex-text;"
. 
. * 'bold small caps' with NFSS spec.:
. 
. <->"[LinBiolinum_R.otf]/ICU:script=latn;language=DFLT;mapping=tex-text;+smcp;
"
.................................................
Requested font "[LinMono_M.otf]/ICU" at 10.0pt
 -> /usr/local/texlive/2012/texmf-dist/fonts/opentype/public/libertineotf/LinMo
no_M.otf
\g_fontspec_family_LinMono_M_int=\count357
Requested font "[LinMono_aML.otf]/ICU" at 10.0pt
 -> /usr/local/texlive/2012/texmf-dist/fonts/opentype/public/libertineotf/LinMo
no_aML.otf
.................................................
. fontspec info: "defining-font"
. 
. Font family 'LinMono_M(0)' created for font 'LinMono_M' with options
. [Extension=.otf,
. BoldFont=LinMono_M,ItalicFont=LinMono_M,BoldItalicFont=LinMono_M,SlantedFont=
LinMono_aML,
. BoldSlantedFont=LinMono_aML,Scale=0.95].
. 
. This font family consists of the following shapes:
. 
. * 'normal' with NFSS spec.:
. <->s*[0.95]"[LinMono_M.otf]/ICU:script=latn;language=DFLT;"
. 
. * 'bold' with NFSS spec.:
. <->s*[0.95]"[LinMono_M.otf]/ICU:script=latn;language=DFLT;"
. 
. * 'italic' with NFSS spec.:
. <->s*[0.95]"[LinMono_M.otf]/ICU:script=latn;language=DFLT;"
. 
. * 'sl/' with NFSS spec.:
. <->s*[0.95]"[LinMono_aML.otf]/ICU:script=latn;language=DFLT;"
. 
. * 'bold italic' with NFSS spec.:
. <->s*[0.95]"[LinMono_M.otf]/ICU:script=latn;language=DFLT;"
. 
. * 'sl/' with NFSS spec.:
. <->s*[0.95]"[LinMono_aML.otf]/ICU:script=latn;language=DFLT;"
.................................................
.................................................
. fontspec info: "defining-font"
. 
. Font family 'LinLibertine_R(0)' created for font 'LinLibertine_R' with
. options [Extension=.otf, BoldFont=LinLibertine_RB,
. ItalicFont=LinLibertine_RI, BoldItalicFont=LinLibertine_RBI,
. SlantedFont=LinLibertine_aRL, BoldSlantedFont=LinLibertine_aBL,
. SmallCapsFont=LinLibertine_R, SmallCapsFeatures={Letters=SmallCaps},
. Ligatures=TeX].
. 
. This font family consists of the following shapes:
.................................................
Requested font "[LinLibertine_RZ.otf]/ICU" at 10.0pt
 -> /usr/local/texlive/2012/texmf-dist/fonts/opentype/public/libertineotf/LinLi
bertine_RZ.otf
Requested font "[LinLibertine_RZI.otf]/ICU" at 10.0pt
 -> /usr/local/texlive/2012/texmf-dist/fonts/opentype/public/libertineotf/LinLi
bertine_RZI.otf
Requested font "[LinLibertine_aZL.otf]/ICU" at 10.0pt
 -> /usr/local/texlive/2012/texmf-dist/fonts/opentype/public/libertineotf/LinLi
bertine_aZL.otf
.................................................
. fontspec info: "defining-font"
. 
. Font family 'LinLibertine_R(1)' created for font 'LinLibertine_R' with
. options [Extension=.otf, BoldFont=LinLibertine_RZ,
. ItalicFont=LinLibertine_RI, BoldItalicFont=LinLibertine_RZI,
. SlantedFont=LinLibertine_aRL, BoldSlantedFont=LinLibertine_aZL,
. SmallCapsFont=LinLibertine_R, SmallCapsFeatures={Letters=SmallCaps},
. Ligatures=TeX].
. 
. This font family consists of the following shapes:
. 
. * 'normal' with NFSS spec.:
. <->"[LinLibertine_R.otf]/ICU:script=latn;language=DFLT;mapping=tex-text;"
. 
. * 'small caps' with NFSS spec.:
. 
. <->"[LinLibertine_R.otf]/ICU:script=latn;language=DFLT;mapping=tex-text;+smcp
;"
. 
. * 'bold' with NFSS spec.:
. <->"[LinLibertine_RZ.otf]/ICU:script=latn;language=DFLT;mapping=tex-text;"
. 
. * 'bold small caps' with NFSS spec.:
. 
. <->"[LinLibertine_R.otf]/ICU:script=latn;language=DFLT;mapping=tex-text;+smcp
;"
. 
. * 'italic' with NFSS spec.:
. <->"[LinLibertine_RI.otf]/ICU:script=latn;language=DFLT;mapping=tex-text;"
. 
. * 'italic small caps' with NFSS spec.:
. 
. <->"[LinLibertine_R.otf]/ICU:script=latn;language=DFLT;mapping=tex-text;+smcp
;"
. 
. * 'sl/' with NFSS spec.:
. <->"[LinLibertine_aRL.otf]/ICU:script=latn;language=DFLT;mapping=tex-text;"
. 
. * 'small caps' with NFSS spec.:
. 
. <->"[LinLibertine_R.otf]/ICU:script=latn;language=DFLT;mapping=tex-text;+smcp
;"
. 
. * 'bold italic' with NFSS spec.:
. <->"[LinLibertine_RZI.otf]/ICU:script=latn;language=DFLT;mapping=tex-text;"
. 
. * 'bold italic small caps' with NFSS spec.:
. 
. <->"[LinLibertine_R.otf]/ICU:script=latn;language=DFLT;mapping=tex-text;+smcp
;"
. 
. * 'sl/' with NFSS spec.:
. <->"[LinLibertine_aZL.otf]/ICU:script=latn;language=DFLT;mapping=tex-text;"
. 
. * 'bold small caps' with NFSS spec.:
. 
. <->"[LinLibertine_R.otf]/ICU:script=latn;language=DFLT;mapping=tex-text;+smcp
;"
.................................................
Requested font "[LinLibertine_I.otf]/ICU" at 10.0pt
 -> /usr/local/texlive/2012/texmf-dist/fonts/opentype/public/libertineotf/LinLi
bertine_I.otf
\g_fontspec_family_LinLibertine_I_int=\count358
.................................................
. fontspec info: "defining-font"
. 
. Font family 'LinLibertine_I(0)' created for font 'LinLibertine_I' with
. options [Extension=.otf].
. 
. This font family consists of the following shapes:
. 
. * 'normal' with NFSS spec.:
. <->"[LinLibertine_I.otf]/ICU:script=latn;language=DFLT;"
.................................................
Requested font "[LinLibertine_DR.otf]/ICU" at 10.0pt
 -> /usr/local/texlive/2012/texmf-dist/fonts/opentype/public/libertineotf/LinLi
bertine_DR.otf
\g_fontspec_family_LinLibertine_DR_int=\count359
Requested font "[LinLibertine_aDRL.otf]/ICU" at 10.0pt
 -> /usr/local/texlive/2012/texmf-dist/fonts/opentype/public/libertineotf/LinLi
bertine_aDRL.otf
.................................................
. fontspec info: "defining-font"
. 
. Font family 'LinLibertine_DR(0)' created for font 'LinLibertine_DR' with
. options [Extension=.otf,
. BoldFont=LinLibertine_DR,ItalicFont=LinLibertine_DR,BoldItalicFont=LinLiberti
ne_DR,SlantedFont=LinLibertine_aDRL,
. BoldSlantedFont=LinLibertine_aDRL,Ligatures=TeX].
. 
. This font family consists of the following shapes:
. 
. * 'normal' with NFSS spec.:
. <->"[LinLibertine_DR.otf]/ICU:script=latn;language=DFLT;mapping=tex-text;"
. 
. * 'bold' with NFSS spec.:
. <->"[LinLibertine_DR.otf]/ICU:script=latn;language=DFLT;mapping=tex-text;"
. 
. * 'italic' with NFSS spec.:
. <->"[LinLibertine_DR.otf]/ICU:script=latn;language=DFLT;mapping=tex-text;"
. 
. * 'sl/' with NFSS spec.:
. 
. <->"[LinLibertine_aDRL.otf]/ICU:script=latn;language=DFLT;mapping=tex-text;"
. 
. * 'bold italic' with NFSS spec.:
. <->"[LinLibertine_DR.otf]/ICU:script=latn;language=DFLT;mapping=tex-text;"
. 
. * 'sl/' with NFSS spec.:
. 
. <->"[LinLibertine_aDRL.otf]/ICU:script=latn;language=DFLT;mapping=tex-text;"
.................................................
.................................................
. fontspec info: "defining-font"
. 
. Font family 'LinBiolinum_R(0)' created for font 'LinBiolinum_R' with options
. [Extension=.otf, BoldFont=LinBiolinum_RB, ItalicFont=LinBiolinum_RI,
. BoldItalicFont=LinBiolinum_RB,SlantedFont=LinBiolinum_aRL,
. BoldSlantedFont=LinBiolinum_aBL, SmallCapsFont=LinBiolinum_R,
. SmallCapsFeatures={Letters=SmallCaps}, Ligatures=TeX].
. 
. This font family consists of the following shapes:
.................................................
Requested font "[LinBiolinum_aU.otf]/ICU" at 10.0pt
 -> /usr/local/texlive/2012/texmf-dist/fonts/opentype/public/libertineotf/LinBi
olinum_aU.otf
\g_fontspec_family_LinBiolinum_aU_int=\count360
Requested font "[LinBiolinum_aUB.otf]/ICU" at 10.0pt
 -> /usr/local/texlive/2012/texmf-dist/fonts/opentype/public/libertineotf/LinBi
olinum_aUB.otf
Requested font "[LinBiolinum_aUI.otf]/ICU" at 10.0pt
 -> /usr/local/texlive/2012/texmf-dist/fonts/opentype/public/libertineotf/LinBi
olinum_aUI.otf
Requested font "[LinBiolinum_aUL.otf]/ICU" at 10.0pt
 -> /usr/local/texlive/2012/texmf-dist/fonts/opentype/public/libertineotf/LinBi
olinum_aUL.otf
Requested font "[LinBiolinum_aULB.otf]/ICU" at 10.0pt
 -> /usr/local/texlive/2012/texmf-dist/fonts/opentype/public/libertineotf/LinBi
olinum_aULB.otf
.................................................
. fontspec info: "defining-font"
. 
. Font family 'LinBiolinum_aU(0)' created for font 'LinBiolinum_aU' with
. options [Extension=.otf, BoldFont=LinBiolinum_aUB,
. ItalicFont=LinBiolinum_aUI,
. BoldItalicFont=LinBiolinum_aUB,SlantedFont=LinBiolinum_aUL,
. BoldSlantedFont=LinBiolinum_aULB, SmallCapsFont=LinBiolinum_aU,
. SmallCapsFeatures={Letters=SmallCaps}, Ligatures=TeX].
. 
. This font family consists of the following shapes:
. 
. * 'normal' with NFSS spec.:
. <->"[LinBiolinum_aU.otf]/ICU:script=latn;language=DFLT;mapping=tex-text;"
. 
. * 'small caps' with NFSS spec.:
. 
. <->"[LinBiolinum_aU.otf]/ICU:script=latn;language=DFLT;mapping=tex-text;+smcp
;"
. 
. * 'bold' with NFSS spec.:
. <->"[LinBiolinum_aUB.otf]/ICU:script=latn;language=DFLT;mapping=tex-text;"
. 
. * 'bold small caps' with NFSS spec.:
. 
. <->"[LinBiolinum_aU.otf]/ICU:script=latn;language=DFLT;mapping=tex-text;+smcp
;"
. 
. * 'italic' with NFSS spec.:
. <->"[LinBiolinum_aUI.otf]/ICU:script=latn;language=DFLT;mapping=tex-text;"
. 
. * 'italic small caps' with NFSS spec.:
. 
. <->"[LinBiolinum_aU.otf]/ICU:script=latn;language=DFLT;mapping=tex-text;+smcp
;"
. 
. * 'sl/' with NFSS spec.:
. <->"[LinBiolinum_aUL.otf]/ICU:script=latn;language=DFLT;mapping=tex-text;"
. 
. * 'small caps' with NFSS spec.:
. 
. <->"[LinBiolinum_aU.otf]/ICU:script=latn;language=DFLT;mapping=tex-text;+smcp
;"
. 
. * 'bold italic' with NFSS spec.:
. <->"[LinBiolinum_aUB.otf]/ICU:script=latn;language=DFLT;mapping=tex-text;"
. 
. * 'bold italic small caps' with NFSS spec.:
. 
. <->"[LinBiolinum_aU.otf]/ICU:script=latn;language=DFLT;mapping=tex-text;+smcp
;"
. 
. * 'sl/' with NFSS spec.:
. <->"[LinBiolinum_aULB.otf]/ICU:script=latn;language=DFLT;mapping=tex-text;"
. 
. * 'bold small caps' with NFSS spec.:
. 
. <->"[LinBiolinum_aU.otf]/ICU:script=latn;language=DFLT;mapping=tex-text;+smcp
;"
.................................................
Requested font "[LinBiolinum_aW.otf]/ICU" at 10.0pt
 -> /usr/local/texlive/2012/texmf-dist/fonts/opentype/public/libertineotf/LinBi
olinum_aW.otf
\g_fontspec_family_LinBiolinum_aW_int=\count361
Requested font "[LinBiolinum_aWB.otf]/ICU" at 10.0pt
 -> /usr/local/texlive/2012/texmf-dist/fonts/opentype/public/libertineotf/LinBi
olinum_aWB.otf
Requested font "[LinBiolinum_aWI.otf]/ICU" at 10.0pt
 -> /usr/local/texlive/2012/texmf-dist/fonts/opentype/public/libertineotf/LinBi
olinum_aWI.otf
Requested font "[LinBiolinum_aWL.otf]/ICU" at 10.0pt
 -> /usr/local/texlive/2012/texmf-dist/fonts/opentype/public/libertineotf/LinBi
olinum_aWL.otf
Requested font "[LinBiolinum_aWLB.otf]/ICU" at 10.0pt
 -> /usr/local/texlive/2012/texmf-dist/fonts/opentype/public/libertineotf/LinBi
olinum_aWLB.otf
.................................................
. fontspec info: "defining-font"
. 
. Font family 'LinBiolinum_aW(0)' created for font 'LinBiolinum_aW' with
. options [Extension=.otf, BoldFont=LinBiolinum_aWB,
. ItalicFont=LinBiolinum_aWI,
. BoldItalicFont=LinBiolinum_aWB,SlantedFont=LinBiolinum_aWL,
. BoldSlantedFont=LinBiolinum_aWLB, SmallCapsFont=LinBiolinum_aW,
. SmallCapsFeatures={Letters=SmallCaps}, Ligatures=TeX].
. 
. This font family consists of the following shapes:
. 
. * 'normal' with NFSS spec.:
. <->"[LinBiolinum_aW.otf]/ICU:script=latn;language=DFLT;mapping=tex-text;"
. 
. * 'small caps' with NFSS spec.:
. 
. <->"[LinBiolinum_aW.otf]/ICU:script=latn;language=DFLT;mapping=tex-text;+smcp
;"
. 
. * 'bold' with NFSS spec.:
. <->"[LinBiolinum_aWB.otf]/ICU:script=latn;language=DFLT;mapping=tex-text;"
. 
. * 'bold small caps' with NFSS spec.:
. 
. <->"[LinBiolinum_aW.otf]/ICU:script=latn;language=DFLT;mapping=tex-text;+smcp
;"
. 
. * 'italic' with NFSS spec.:
. <->"[LinBiolinum_aWI.otf]/ICU:script=latn;language=DFLT;mapping=tex-text;"
. 
. * 'italic small caps' with NFSS spec.:
. 
. <->"[LinBiolinum_aW.otf]/ICU:script=latn;language=DFLT;mapping=tex-text;+smcp
;"
. 
. * 'sl/' with NFSS spec.:
. <->"[LinBiolinum_aWL.otf]/ICU:script=latn;language=DFLT;mapping=tex-text;"
. 
. * 'small caps' with NFSS spec.:
. 
. <->"[LinBiolinum_aW.otf]/ICU:script=latn;language=DFLT;mapping=tex-text;+smcp
;"
. 
. * 'bold italic' with NFSS spec.:
. <->"[LinBiolinum_aWB.otf]/ICU:script=latn;language=DFLT;mapping=tex-text;"
. 
. * 'bold italic small caps' with NFSS spec.:
. 
. <->"[LinBiolinum_aW.otf]/ICU:script=latn;language=DFLT;mapping=tex-text;+smcp
;"
. 
. * 'sl/' with NFSS spec.:
. <->"[LinBiolinum_aWLB.otf]/ICU:script=latn;language=DFLT;mapping=tex-text;"
. 
. * 'bold small caps' with NFSS spec.:
. 
. <->"[LinBiolinum_aW.otf]/ICU:script=latn;language=DFLT;mapping=tex-text;+smcp
;"
.................................................
Requested font "[LinBiolinum_K.otf]/ICU" at 10.0pt
 -> /usr/local/texlive/2012/texmf-dist/fonts/opentype/public/libertineotf/LinBi
olinum_K.otf
\g_fontspec_family_LinBiolinum_K_int=\count362
.................................................
. fontspec info: "defining-font"
. 
. Font family 'LinBiolinum_K(0)' created for font 'LinBiolinum_K' with options
. [Extension=.otf].
. 
. This font family consists of the following shapes:
. 
. * 'normal' with NFSS spec.:
. <->"[LinBiolinum_K.otf]/ICU:script=latn;language=DFLT;"
.................................................
.................................................
. fontspec info: "defining-font"
. 
. Font family 'LinMono_M(0)' created for font 'LinMono_M' with options
. [Extension=.otf,
. BoldFont=LinMono_M,ItalicFont=LinMono_M,BoldItalicFont=LinMono_M,SlantedFont=
LinMono_aML,
. BoldSlantedFont=LinMono_aML,Scale=0.95].
. 
. This font family consists of the following shapes:
.................................................

(/usr/local/texlive/2012/texmf-dist/tex/latex/libertineotf/fxluni.inc)
(/usr/local/texlive/2012/texmf-dist/tex/latex/libertineotf/fxbuni.inc)
(/usr/local/texlive/2012/texmf-dist/tex/latex/libertineotf/fxkuni.inc)
(/usr/local/texlive/2012/texmf-dist/tex/latex/libertineotf/fxiuni.inc))
(/usr/local/texlive/2012/../texmf-local/tex/latex/newtx/newtxmath.sty
Package: newtxmath 2013/02/10 v1.08

`newtxmath' v1.08, 2013/02/10 Math macros based on txfonts (msharpe)
(/usr/local/texlive/2012/texmf-dist/tex/generic/kastrup/binhex.tex)
(/usr/local/texlive/2012/texmf-dist/tex/latex/xkeyval/xkeyval.sty
Package: xkeyval 2008/08/13 v2.6a package option processing (HA)

(/usr/local/texlive/2012/texmf-dist/tex/generic/xkeyval/xkeyval.tex
\XKV@toks=\toks38
\XKV@tempa@toks=\toks39
\XKV@depth=\count363
File: xkeyval.tex 2008/08/13 v2.6a key=value parser (HA)
))
\tx@Isdigit=\count364
LaTeX Font Info:    Redeclaring symbol font `operators' on input line 67.
LaTeX Font Info:    Encoding `OT1' has changed to `EU1' for symbol font
(Font)              `operators' in the math version `normal' on input line 67.
LaTeX Font Info:    Overwriting symbol font `operators' in version `normal'
(Font)                  OT1/cmr/m/n --> EU1/LinLibertine_R(0)/m/n on input line
 67.
LaTeX Font Info:    Encoding `OT1' has changed to `EU1' for symbol font
(Font)              `operators' in the math version `bold' on input line 67.
LaTeX Font Info:    Overwriting symbol font `operators' in version `bold'
(Font)                  OT1/cmr/bx/n --> EU1/LinLibertine_R(0)/m/n on input lin
e 67.
LaTeX Font Info:    Overwriting symbol font `operators' in version `bold'
(Font)                  EU1/LinLibertine_R(0)/m/n --> EU1/LinLibertine_R(0)/sb/
n on input line 69.
LaTeX Font Info:    Redeclaring math alphabet \mathsf on input line 75.
LaTeX Font Info:    Overwriting math alphabet `\mathsf' in version `normal'
(Font)                  OT1/cmss/m/n --> EU1/LinBiolinum_R(0)/m/n on input line
 75.
LaTeX Font Info:    Overwriting math alphabet `\mathsf' in version `bold'
(Font)                  OT1/cmss/bx/n --> EU1/LinBiolinum_R(0)/m/n on input lin
e 75.
LaTeX Font Info:    Redeclaring math alphabet \mathit on input line 76.
LaTeX Font Info:    Overwriting math alphabet `\mathit' in version `normal'
(Font)                  OT1/cmr/m/it --> EU1/LinLibertine_R(0)/m/it on input li
ne 76.
LaTeX Font Info:    Overwriting math alphabet `\mathit' in version `bold'
(Font)                  OT1/cmr/bx/it --> EU1/LinLibertine_R(0)/m/it on input l
ine 76.
LaTeX Font Info:    Redeclaring math alphabet \mathtt on input line 77.
LaTeX Font Info:    Overwriting math alphabet `\mathtt' in version `normal'
(Font)                  OT1/cmtt/m/n --> EU1/LinMono_M(0)/m/n on input line 77.

LaTeX Font Info:    Overwriting math alphabet `\mathtt' in version `bold'
(Font)                  OT1/cmtt/m/n --> EU1/LinMono_M(0)/m/n on input line 77.

LaTeX Font Info:    Redeclaring math alphabet \mathbf on input line 80.
LaTeX Font Info:    Overwriting math alphabet `\mathbf' in version `normal'
(Font)                  OT1/cmr/bx/n --> EU1/LinLibertine_R(0)/sb/n on input li
ne 80.
LaTeX Font Info:    Overwriting math alphabet `\mathbf' in version `bold'
(Font)                  OT1/cmr/bx/n --> EU1/LinLibertine_R(0)/sb/n on input li
ne 80.
LaTeX Font Info:    Overwriting math alphabet `\mathit' in version `bold'
(Font)                  EU1/LinLibertine_R(0)/m/it --> EU1/LinLibertine_R(0)/sb
/it on input line 81.
LaTeX Font Info:    Overwriting math alphabet `\mathsf' in version `bold'
(Font)                  EU1/LinBiolinum_R(0)/m/n --> EU1/LinBiolinum_R(0)/b/n o
n input line 86.
LaTeX Font Info:    Overwriting math alphabet `\mathtt' in version `bold'
(Font)                  EU1/LinMono_M(0)/m/n --> EU1/LinMono_M(0)/b/n on input 
line 87.
LaTeX Font Info:    Redeclaring symbol font `letters' on input line 94.
LaTeX Font Info:    Overwriting symbol font `letters' in version `normal'
(Font)                  OML/cmm/m/it --> OML/nxlmi/m/it on input line 94.
LaTeX Font Info:    Overwriting symbol font `letters' in version `bold'
(Font)                  OML/cmm/b/it --> OML/nxlmi/m/it on input line 94.
LaTeX Font Info:    Overwriting symbol font `letters' in version `bold'
(Font)                  OML/nxlmi/m/it --> OML/nxlmi/b/it on input line 95.
\symlettersA=\mathgroup4
LaTeX Font Info:    Overwriting symbol font `lettersA' in version `bold'
(Font)                  U/ntxmia/m/it --> U/ntxmia/b/it on input line 120.
LaTeX Font Info:    Redeclaring symbol font `symbols' on input line 129.
LaTeX Font Info:    Overwriting symbol font `symbols' in version `normal'
(Font)                  OMS/cmsy/m/n --> OMS/ntxsy/m/n on input line 129.
LaTeX Font Info:    Overwriting symbol font `symbols' in version `bold'
(Font)                  OMS/cmsy/b/n --> OMS/ntxsy/m/n on input line 129.
LaTeX Font Info:    Overwriting symbol font `symbols' in version `bold'
(Font)                  OMS/ntxsy/m/n --> OMS/ntxsy/b/n on input line 130.
\symAMSa=\mathgroup5
LaTeX Font Info:    Overwriting symbol font `AMSa' in version `bold'
(Font)                  U/ntxsya/m/n --> U/ntxsya/b/n on input line 146.
\symAMSb=\mathgroup6
LaTeX Font Info:    Overwriting symbol font `AMSb' in version `bold'
(Font)                  U/ntxsyb/m/n --> U/ntxsyb/b/n on input line 155.
\symsymbolsC=\mathgroup7
LaTeX Font Info:    Overwriting symbol font `symbolsC' in version `bold'
(Font)                  U/ntxsyc/m/n --> U/ntxsyc/b/n on input line 166.
LaTeX Font Info:    Redeclaring symbol font `largesymbols' on input line 178.
LaTeX Font Info:    Overwriting symbol font `largesymbols' in version `normal'
(Font)                  OMX/cmex/m/n --> OMX/ntxex/m/n on input line 178.
LaTeX Font Info:    Overwriting symbol font `largesymbols' in version `bold'
(Font)                  OMX/cmex/m/n --> OMX/ntxex/m/n on input line 178.
LaTeX Font Info:    Overwriting symbol font `largesymbols' in version `bold'
(Font)                  OMX/ntxex/m/n --> OMX/ntxex/b/n on input line 179.
\symlargesymbolsA=\mathgroup8
LaTeX Font Info:    Overwriting symbol font `largesymbolsA' in version `bold'
(Font)                  U/ntxexa/m/n --> U/ntxexa/b/n on input line 187.
LaTeX Info: Redefining \not on input line 1358.
LaTeX Info: Redefining \textsquare on input line 1378.
LaTeX Info: Redefining \openbox on input line 1379.
)
\symcmsymbols=\mathgroup9
LaTeX Font Info:    Redeclaring symbol font `AMSb' on input line 43.
LaTeX Font Info:    Overwriting symbol font `AMSb' in version `normal'
(Font)                  U/ntxsyb/m/n --> U/msb/m/n on input line 43.
LaTeX Font Info:    Overwriting symbol font `AMSb' in version `bold'
(Font)                  U/ntxsyb/b/n --> U/msb/m/n on input line 43.

(./longTuring.aux)
\openout1 = `longTuring.aux'.

LaTeX Font Info:    Checking defaults for OML/nxlmi/m/it on input line 135.
LaTeX Font Info:    Try loading font information for OML+nxlmi on input line 13
5.

(/usr/local/texlive/2012/../texmf-local/tex/latex/newtx/omlnxlmi.fd
File: omlnxlmi.fd 2012/05/19 Fontinst v1.933 font definitions for OML/nxlmi.
)
LaTeX Font Info:    ... okay on input line 135.
LaTeX Font Info:    Checking defaults for T1/cmr/m/n on input line 135.
LaTeX Font Info:    ... okay on input line 135.
LaTeX Font Info:    Checking defaults for OT1/cmr/m/n on input line 135.
LaTeX Font Info:    ... okay on input line 135.
LaTeX Font Info:    Checking defaults for OMS/ntxsy/m/n on input line 135.
LaTeX Font Info:    Try loading font information for OMS+ntxsy on input line 13
5.

(/usr/local/texlive/2012/../texmf-local/tex/latex/newtx/omsntxsy.fd
File: omsntxsy.fd 2012/11/14 Fontinst v1.933 font definitions for OMS/ntxsy.
)
LaTeX Font Info:    ... okay on input line 135.
LaTeX Font Info:    Checking defaults for OMX/ntxex/m/n on input line 135.
LaTeX Font Info:    Try loading font information for OMX+ntxex on input line 13
5.

(/usr/local/texlive/2012/../texmf-local/tex/latex/newtx/omxntxex.fd
File: omxntxex.fd 2012/04/18 Fontinst v1.933 font definitions for OMX/ntxex.
)
LaTeX Font Info:    ... okay on input line 135.
LaTeX Font Info:    Checking defaults for U/ntxexa/m/n on input line 135.
LaTeX Font Info:    Try loading font information for U+ntxexa on input line 135
.

(/usr/local/texlive/2012/../texmf-local/tex/latex/newtx/untxexa.fd
File: untxexa.fd 2012/04/16 Fontinst v1.933 font definitions for U/ntxexa.
)
LaTeX Font Info:    ... okay on input line 135.
LaTeX Font Info:    Checking defaults for PD1/pdf/m/n on input line 135.
LaTeX Font Info:    ... okay on input line 135.
LaTeX Font Info:    Checking defaults for PU/pdf/m/n on input line 135.
LaTeX Font Info:    ... okay on input line 135.
LaTeX Font Info:    Checking defaults for EU1/lmr/m/n on input line 135.
LaTeX Font Info:    ... okay on input line 135.
LaTeX Font Info:    Checking defaults for T3/cmr/m/n on input line 135.
LaTeX Font Info:    Try loading font information for T3+cmr on input line 135.

(/usr/local/texlive/2012/texmf-dist/tex/latex/tipa/t3cmr.fd
File: t3cmr.fd 2001/12/31 TIPA font definitions
)
LaTeX Font Info:    ... okay on input line 135.
Requested font "[LinLibertine_R.otf]/ICU:script=latn;language=DFLT;mapping=tex-
text;" at 12.0pt
 -> /usr/local/texlive/2012/texmf-dist/fonts/opentype/public/libertineotf/LinLi
bertine_R.otf
\AtBeginShipoutBox=\box53
Package hyperref Info: Link coloring ON on input line 135.

(/usr/local/texlive/2012/texmf-dist/tex/latex/hyperref/nameref.sty
Package: nameref 2010/04/30 v2.40 Cross-referencing by name of section

(/usr/local/texlive/2012/texmf-dist/tex/generic/oberdiek/gettitlestring.sty
Package: gettitlestring 2010/12/03 v1.4 Cleanup title references (HO)
)
\c@section@level=\count365
)
Redoing nameref's sectioning
Redoing nameref's label
LaTeX Info: Redefining \nameref on input line 135.
LaTeX Info: Redefining \ref on input line 135.
LaTeX Info: Redefining \pageref on input line 135.
LaTeX Info: Redefining \nameref on input line 135.
(./longTuring.out) (./longTuring.out)
\@outlinefile=\write4
\openout4 = `longTuring.out'.

.................................................
. fontspec info: "setup-math"
. 
. Adjusting the maths setup (use [no-math] to avoid this).
.................................................
\symlegacymaths=\mathgroup10
LaTeX Font Info:    Overwriting symbol font `legacymaths' in version `bold'
(Font)                  OT1/cmr/m/n --> OT1/cmr/bx/n on input line 135.
LaTeX Font Info:    Redeclaring math accent \acute on input line 135.
LaTeX Font Info:    Redeclaring math accent \grave on input line 135.
LaTeX Font Info:    Redeclaring math accent \ddot on input line 135.
LaTeX Font Info:    Redeclaring math accent \tilde on input line 135.
LaTeX Font Info:    Redeclaring math accent \bar on input line 135.
LaTeX Font Info:    Redeclaring math accent \breve on input line 135.
LaTeX Font Info:    Redeclaring math accent \check on input line 135.
LaTeX Font Info:    Redeclaring math accent \hat on input line 135.
LaTeX Font Info:    Redeclaring math accent \dot on input line 135.
LaTeX Font Info:    Redeclaring math accent \mathring on input line 135.
LaTeX Font Info:    Redeclaring math symbol \Gamma on input line 135.
LaTeX Font Info:    Redeclaring math symbol \Delta on input line 135.
LaTeX Font Info:    Redeclaring math symbol \Theta on input line 135.
LaTeX Font Info:    Redeclaring math symbol \Lambda on input line 135.
LaTeX Font Info:    Redeclaring math symbol \Xi on input line 135.
LaTeX Font Info:    Redeclaring math symbol \Pi on input line 135.
LaTeX Font Info:    Redeclaring math symbol \Sigma on input line 135.
LaTeX Font Info:    Redeclaring math symbol \Upsilon on input line 135.
LaTeX Font Info:    Redeclaring math symbol \Phi on input line 135.
LaTeX Font Info:    Redeclaring math symbol \Psi on input line 135.
LaTeX Font Info:    Redeclaring math symbol \Omega on input line 135.
LaTeX Font Info:    Redeclaring math symbol \mathdollar on input line 135.
LaTeX Font Info:    Redeclaring symbol font `operators' on input line 135.
LaTeX Font Info:    Overwriting symbol font `operators' in version `normal'
(Font)                  EU1/LinLibertine_R(0)/m/n --> EU1/LinLibertine_R(0)/m/n
 on input line 135.
LaTeX Font Info:    Overwriting symbol font `operators' in version `bold'
(Font)                  EU1/LinLibertine_R(0)/sb/n --> EU1/LinLibertine_R(0)/m/
n on input line 135.
LaTeX Font Info:    Overwriting symbol font `operators' in version `normal'
(Font)                  EU1/LinLibertine_R(0)/m/n --> EU1/LinLibertine_R(0)/m/n
 on input line 135.
LaTeX Font Info:    Overwriting math alphabet `\mathrm' in version `normal'
(Font)                  EU1/LinLibertine_R(0)/m/n --> EU1/LinLibertine_R(0)/m/n
 on input line 135.
LaTeX Font Info:    Overwriting math alphabet `\mathit' in version `normal'
(Font)                  EU1/LinLibertine_R(0)/m/it --> EU1/LinLibertine_R(0)/m/
it on input line 135.
LaTeX Font Info:    Overwriting math alphabet `\mathbf' in version `normal'
(Font)                  EU1/LinLibertine_R(0)/sb/n --> EU1/LinLibertine_R(0)/bx
/n on input line 135.
LaTeX Font Info:    Overwriting math alphabet `\mathsf' in version `normal'
(Font)                  EU1/LinBiolinum_R(0)/m/n --> EU1/LinBiolinum_R(0)/m/n o
n input line 135.
LaTeX Font Info:    Overwriting math alphabet `\mathtt' in version `normal'
(Font)                  EU1/LinMono_M(0)/m/n --> EU1/LinMono_M(0)/m/n on input 
line 135.
LaTeX Font Info:    Overwriting symbol font `operators' in version `bold'
(Font)                  EU1/LinLibertine_R(0)/m/n --> EU1/LinLibertine_R(0)/bx/
n on input line 135.
LaTeX Font Info:    Overwriting math alphabet `\mathrm' in version `bold'
(Font)                  EU1/LinLibertine_R(0)/m/n --> EU1/LinLibertine_R(0)/bx/
n on input line 135.
LaTeX Font Info:    Overwriting math alphabet `\mathit' in version `bold'
(Font)                  EU1/LinLibertine_R(0)/sb/it --> EU1/LinLibertine_R(0)/b
x/it on input line 135.
LaTeX Font Info:    Overwriting math alphabet `\mathsf' in version `bold'
(Font)                  EU1/LinBiolinum_R(0)/b/n --> EU1/LinBiolinum_R(0)/bx/n 
on input line 135.
LaTeX Font Info:    Overwriting math alphabet `\mathtt' in version `bold'
(Font)                  EU1/LinMono_M(0)/b/n --> EU1/LinMono_M(0)/bx/n on input
 line 135.
Requested font "[LinLibertine_R.otf]/ICU:script=latn;language=DFLT;mapping=tex-
text;" at 20.74pt
 -> /usr/local/texlive/2012/texmf-dist/fonts/opentype/public/libertineotf/LinLi
bertine_R.otf
Requested font "[LinLibertine_R.otf]/ICU:script=latn;language=DFLT;mapping=tex-
text;" at 14.4pt
 -> /usr/local/texlive/2012/texmf-dist/fonts/opentype/public/libertineotf/LinLi
bertine_R.otf
Requested font "[LinLibertine_R.otf]/ICU:script=latn;language=DFLT;mapping=tex-
text;" at 10.5pt
 -> /usr/local/texlive/2012/texmf-dist/fonts/opentype/public/libertineotf/LinLi
bertine_R.otf
Requested font "[LinLibertine_R.otf]/ICU:script=latn;language=DFLT;mapping=tex-
text;" at 7.9pt
 -> /usr/local/texlive/2012/texmf-dist/fonts/opentype/public/libertineotf/LinLi
bertine_R.otf
Requested font "nxlmi" at 14.4pt
 -> /usr/local/texlive/2012/../texmf-local/fonts/tfm/public/newtx/nxlmi.tfm
Requested font "nxlmi" at 10.5pt
 -> /usr/local/texlive/2012/../texmf-local/fonts/tfm/public/newtx/nxlmi.tfm
Requested font "nxlmi7" at 7.9pt
 -> /usr/local/texlive/2012/../texmf-local/fonts/tfm/public/newtx/nxlmi7.tfm
Requested font "ntxsy" at 14.4pt
 -> /usr/local/texlive/2012/../texmf-local/fonts/tfm/public/newtx/ntxsy.tfm
Requested font "ntxsy" at 10.5pt
 -> /usr/local/texlive/2012/../texmf-local/fonts/tfm/public/newtx/ntxsy.tfm
Requested font "nxlsy7" at 7.9pt
 -> /usr/local/texlive/2012/../texmf-local/fonts/tfm/public/newtx/nxlsy7.tfm
Requested font "ntxex" at 14.4pt
 -> /usr/local/texlive/2012/../texmf-local/fonts/tfm/public/newtx/ntxex.tfm
Requested font "ntxex" at 10.5pt
 -> /usr/local/texlive/2012/../texmf-local/fonts/tfm/public/newtx/ntxex.tfm
Requested font "ntxex" at 7.9pt
 -> /usr/local/texlive/2012/../texmf-local/fonts/tfm/public/newtx/ntxex.tfm
LaTeX Font Info:    Try loading font information for U+ntxmia on input line 144
.

(/usr/local/texlive/2012/../texmf-local/tex/latex/newtx/untxmia.fd
File: untxmia.fd 2012/04/16 Fontinst v1.933 font definitions for U/ntxmia.
)
Requested font "nxlmia" at 14.4pt
 -> /usr/local/texlive/2012/../texmf-local/fonts/tfm/public/newtx/nxlmia.tfm
Requested font "nxlmia" at 10.5pt
 -> /usr/local/texlive/2012/../texmf-local/fonts/tfm/public/newtx/nxlmia.tfm
Requested font "nxlmia" at 7.9pt
 -> /usr/local/texlive/2012/../texmf-local/fonts/tfm/public/newtx/nxlmia.tfm
LaTeX Font Info:    Try loading font information for U+ntxsya on input line 144
.

(/usr/local/texlive/2012/../texmf-local/tex/latex/newtx/untxsya.fd
File: untxsya.fd 2012/04/12 Fontinst v1.933 font definitions for U/ntxsya.
)
Requested font "ntxsya" at 14.4pt
 -> /usr/local/texlive/2012/../texmf-local/fonts/tfm/public/newtx/ntxsya.tfm
Requested font "ntxsya" at 10.5pt
 -> /usr/local/texlive/2012/../texmf-local/fonts/tfm/public/newtx/ntxsya.tfm
Requested font "ntxsya" at 7.9pt
 -> /usr/local/texlive/2012/../texmf-local/fonts/tfm/public/newtx/ntxsya.tfm
LaTeX Font Info:    Try loading font information for U+msb on input line 144.

(/usr/local/texlive/2012/texmf-dist/tex/latex/amsfonts/umsb.fd
File: umsb.fd 2009/06/22 v3.00 AMS symbols B
)
Requested font "msbm10" at 14.4pt
 -> /usr/local/texlive/2012/texmf-dist/fonts/tfm/public/amsfonts/symbols/msbm10
.tfm
Requested font "msbm10" at 10.5pt
 -> /usr/local/texlive/2012/texmf-dist/fonts/tfm/public/amsfonts/symbols/msbm10
.tfm
Requested font "msbm7" at 7.9pt
 -> /usr/local/texlive/2012/texmf-dist/fonts/tfm/public/amsfonts/symbols/msbm7.
tfm
LaTeX Font Info:    Try loading font information for U+ntxsyc on input line 144
.

(/usr/local/texlive/2012/../texmf-local/tex/latex/newtx/untxsyc.fd
File: untxsyc.fd 2012/04/12 Fontinst v1.933 font definitions for U/ntxsyc.
)
Requested font "ntxsyc" at 14.4pt
 -> /usr/local/texlive/2012/../texmf-local/fonts/tfm/public/newtx/ntxsyc.tfm
Requested font "ntxsyc" at 10.5pt
 -> /usr/local/texlive/2012/../texmf-local/fonts/tfm/public/newtx/ntxsyc.tfm
Requested font "ntxsyc" at 7.9pt
 -> /usr/local/texlive/2012/../texmf-local/fonts/tfm/public/newtx/ntxsyc.tfm
Requested font "ntxexa" at 14.4pt
 -> /usr/local/texlive/2012/../texmf-local/fonts/tfm/public/newtx/ntxexa.tfm
Requested font "ntxexa" at 10.5pt
 -> /usr/local/texlive/2012/../texmf-local/fonts/tfm/public/newtx/ntxexa.tfm
Requested font "ntxexa" at 7.9pt
 -> /usr/local/texlive/2012/../texmf-local/fonts/tfm/public/newtx/ntxexa.tfm
Requested font "cmsy10" at 14.4pt
 -> /usr/local/texlive/2012/texmf-dist/fonts/tfm/public/cm/cmsy10.tfm


LaTeX Font Warning: Font shape `OMS/cmsy/m/n' in size <10.5> not available
(Font)              size <10.95> substituted on input line 144.

Requested font "cmsy10" at 10.95pt
 -> /usr/local/texlive/2012/texmf-dist/fonts/tfm/public/cm/cmsy10.tfm
Requested font "cmsy8" at 8.0pt
 -> /usr/local/texlive/2012/texmf-dist/fonts/tfm/public/cm/cmsy8.tfm
Requested font "cmr12" at 14.4pt
 -> /usr/local/texlive/2012/texmf-dist/fonts/tfm/public/cm/cmr12.tfm

LaTeX Font Warning: Font shape `OT1/cmr/m/n' in size <10.5> not available
(Font)              size <10.95> substituted on input line 144.

Requested font "cmr8" at 8.0pt
 -> /usr/local/texlive/2012/texmf-dist/fonts/tfm/public/cm/cmr8.tfm
Requested font "[LinLibertine_R.otf]/ICU:script=latn;language=DFLT;mapping=tex-
text;" at 10.95pt
 -> /usr/local/texlive/2012/texmf-dist/fonts/opentype/public/libertineotf/LinLi
bertine_R.otf
Requested font "[LinLibertine_RB.otf]/ICU:script=latn;language=DFLT;mapping=tex
-text;" at 10.95pt
 -> /usr/local/texlive/2012/texmf-dist/fonts/opentype/public/libertineotf/LinLi
bertine_RB.otf
Requested font "[LinLibertine_R.otf]/ICU:script=latn;language=DFLT;mapping=tex-
text;" at 17.28pt
 -> /usr/local/texlive/2012/texmf-dist/fonts/opentype/public/libertineotf/LinLi
bertine_R.otf
Requested font "[LinLibertine_RB.otf]/ICU:script=latn;language=DFLT;mapping=tex
-text;" at 17.28pt
 -> /usr/local/texlive/2012/texmf-dist/fonts/opentype/public/libertineotf/LinLi
bertine_RB.otf
(/usr/local/texlive/2012/texmf-dist/tex/generic/oberdiek/se-ascii-print.def
File: se-ascii-print.def 2011/12/02 v1.10 stringenc: Printable ASCII characters

)
Requested font "[LinLibertine_RB.otf]/ICU:script=latn;language=DFLT;mapping=tex
-text;" at 14.4pt
 -> /usr/local/texlive/2012/texmf-dist/fonts/opentype/public/libertineotf/LinLi
bertine_RB.otf
Requested font "[LinLibertine_R.otf]/ICU:script=latn;language=DFLT;mapping=tex-
text;" at 8.8pt
 -> /usr/local/texlive/2012/texmf-dist/fonts/opentype/public/libertineotf/LinLi
bertine_R.otf
Requested font "[LinLibertine_R.otf]/ICU:script=latn;language=DFLT;mapping=tex-
text;" at 6.6pt
 -> /usr/local/texlive/2012/texmf-dist/fonts/opentype/public/libertineotf/LinLi
bertine_R.otf
Requested font "nxlmi" at 12.0pt
 -> /usr/local/texlive/2012/../texmf-local/fonts/tfm/public/newtx/nxlmi.tfm
Requested font "nxlmi" at 8.8pt
 -> /usr/local/texlive/2012/../texmf-local/fonts/tfm/public/newtx/nxlmi.tfm
Requested font "nxlmi7" at 6.6pt
 -> /usr/local/texlive/2012/../texmf-local/fonts/tfm/public/newtx/nxlmi7.tfm
Requested font "ntxsy" at 12.0pt
 -> /usr/local/texlive/2012/../texmf-local/fonts/tfm/public/newtx/ntxsy.tfm
Requested font "ntxsy" at 8.8pt
 -> /usr/local/texlive/2012/../texmf-local/fonts/tfm/public/newtx/ntxsy.tfm
Requested font "nxlsy7" at 6.6pt
 -> /usr/local/texlive/2012/../texmf-local/fonts/tfm/public/newtx/nxlsy7.tfm
Requested font "ntxex" at 12.0pt
 -> /usr/local/texlive/2012/../texmf-local/fonts/tfm/public/newtx/ntxex.tfm
Requested font "ntxex" at 8.8pt
 -> /usr/local/texlive/2012/../texmf-local/fonts/tfm/public/newtx/ntxex.tfm
Requested font "ntxex" at 6.6pt
 -> /usr/local/texlive/2012/../texmf-local/fonts/tfm/public/newtx/ntxex.tfm
Requested font "nxlmia" at 12.0pt
 -> /usr/local/texlive/2012/../texmf-local/fonts/tfm/public/newtx/nxlmia.tfm
Requested font "nxlmia" at 8.8pt
 -> /usr/local/texlive/2012/../texmf-local/fonts/tfm/public/newtx/nxlmia.tfm
Requested font "nxlmia" at 6.6pt
 -> /usr/local/texlive/2012/../texmf-local/fonts/tfm/public/newtx/nxlmia.tfm
Requested font "ntxsya" at 12.0pt
 -> /usr/local/texlive/2012/../texmf-local/fonts/tfm/public/newtx/ntxsya.tfm
Requested font "ntxsya" at 8.8pt
 -> /usr/local/texlive/2012/../texmf-local/fonts/tfm/public/newtx/ntxsya.tfm
Requested font "ntxsya" at 6.6pt
 -> /usr/local/texlive/2012/../texmf-local/fonts/tfm/public/newtx/ntxsya.tfm
Requested font "msbm10" at 12.0pt
 -> /usr/local/texlive/2012/texmf-dist/fonts/tfm/public/amsfonts/symbols/msbm10
.tfm
Requested font "msbm10" at 8.8pt
 -> /usr/local/texlive/2012/texmf-dist/fonts/tfm/public/amsfonts/symbols/msbm10
.tfm
Requested font "msbm7" at 6.6pt
 -> /usr/local/texlive/2012/texmf-dist/fonts/tfm/public/amsfonts/symbols/msbm7.
tfm
Requested font "ntxsyc" at 12.0pt
 -> /usr/local/texlive/2012/../texmf-local/fonts/tfm/public/newtx/ntxsyc.tfm
Requested font "ntxsyc" at 8.8pt
 -> /usr/local/texlive/2012/../texmf-local/fonts/tfm/public/newtx/ntxsyc.tfm
Requested font "ntxsyc" at 6.6pt
 -> /usr/local/texlive/2012/../texmf-local/fonts/tfm/public/newtx/ntxsyc.tfm
Requested font "ntxexa" at 12.0pt
 -> /usr/local/texlive/2012/../texmf-local/fonts/tfm/public/newtx/ntxexa.tfm
Requested font "ntxexa" at 8.8pt
 -> /usr/local/texlive/2012/../texmf-local/fonts/tfm/public/newtx/ntxexa.tfm
Requested font "ntxexa" at 6.6pt
 -> /usr/local/texlive/2012/../texmf-local/fonts/tfm/public/newtx/ntxexa.tfm
Requested font "cmsy10" at 12.0pt
 -> /usr/local/texlive/2012/texmf-dist/fonts/tfm/public/cm/cmsy10.tfm
Requested font "cmsy9" at 9.0pt
 -> /usr/local/texlive/2012/texmf-dist/fonts/tfm/public/cm/cmsy9.tfm
Requested font "cmr9" at 9.0pt
 -> /usr/local/texlive/2012/texmf-dist/fonts/tfm/public/cm/cmr9.tfm
Requested font "[LinLibertine_RI.otf]/ICU:script=latn;language=DFLT;mapping=tex
-text;" at 12.0pt
 -> /usr/local/texlive/2012/texmf-dist/fonts/opentype/public/libertineotf/LinLi
bertine_RI.otf
Requested font "[LinLibertine_RBI.otf]/ICU:script=latn;language=DFLT;mapping=te
x-text;" at 12.0pt
 -> /usr/local/texlive/2012/texmf-dist/fonts/opentype/public/libertineotf/LinLi
bertine_RBI.otf

[1

]
Requested font "[LinLibertine_RB.otf]/ICU:script=latn;language=DFLT;mapping=tex
-text;" at 12.0pt
 -> /usr/local/texlive/2012/texmf-dist/fonts/opentype/public/libertineotf/LinLi
bertine_RB.otf
Requested font "[LinLibertine_RI.otf]/ICU:script=latn;language=DFLT;mapping=tex
-text;" at 8.8pt
 -> /usr/local/texlive/2012/texmf-dist/fonts/opentype/public/libertineotf/LinLi
bertine_RI.otf
Requested font "[LinLibertine_RI.otf]/ICU:script=latn;language=DFLT;mapping=tex
-text;" at 6.6pt
 -> /usr/local/texlive/2012/texmf-dist/fonts/opentype/public/libertineotf/LinLi
bertine_RI.otf

Overfull \hbox (7.82106pt too wide) in paragraph at lines 241--244
[]\EU1/LinLibertine_R(0)/m/it/12 For each input length $\OML/nxlmi/m/it/12 n \O
T1/cmr/m/n/12 = \OMS/ntxsy/m/n/12 j\OML/nxlmi/m/it/12 x\OMS/ntxsy/m/n/12 j$ \EU
1/LinLibertine_R(0)/m/it/12 a block code $\OT1/cmr/m/n/12 (\OML/nxlmi/m/it/12 ^
^^[]; ^^^[]\OT1/cmr/m/n/12 )$ \EU1/LinLibertine_R(0)/m/it/12 of blocksize $\OML
/nxlmi/m/it/12 Q \OT1/cmr/m/n/12 = \OML/nxlmi/m/it/12 O\OT1/cmr/m/n/12 (([] \OM
L/nxlmi/m/it/12 n\OT1/cmr/m/n/12 )[])$
 []

[2] [3] [4] [5]
Underfull \vbox (badness 10000) has occurred while \output is active []

 [6]
[7] [8]
Overfull \hbox (0.93903pt too wide) in paragraph at lines 610--611
[]\EU1/LinLibertine_R(0)/bx/n/12 Definition 4.1 \EU1/LinLibertine_R(0)/m/n/12 (
Generalized Turing machine)\EU1/LinLibertine_R(0)/bx/n/12 . []\EU1/LinLibertine
_R(0)/m/n/12 A \EU1/LinLibertine_R(0)/bx/it/12 generalized Turing machine
 []

Requested font "[LinBiolinum_R.otf]/ICU:script=latn;language=DFLT;mapping=tex-t
ext;" at 12.0pt
 -> /usr/local/texlive/2012/texmf-dist/fonts/opentype/public/libertineotf/LinBi
olinum_R.otf
[9] [10] [11] [12]
Overfull \hbox (18.90004pt too wide) in paragraph at lines 843--846
[]\EU1/LinLibertine_R(0)/bx/n/12 Definition 6.1 \EU1/LinLibertine_R(0)/m/n/12 (
Code on configurations)\EU1/LinLibertine_R(0)/bx/n/12 . []\EU1/LinLibertine_R(0
)/m/n/12 Consider two generalized Turing macines
 []

[13] [14]
Requested font "[LinLibertine_RB.otf]/ICU:script=latn;language=DFLT;mapping=tex
-text;" at 8.8pt
 -> /usr/local/texlive/2012/texmf-dist/fonts/opentype/public/libertineotf/LinLi
bertine_RB.otf
Requested font "[LinLibertine_RB.otf]/ICU:script=latn;language=DFLT;mapping=tex
-text;" at 6.6pt
 -> /usr/local/texlive/2012/texmf-dist/fonts/opentype/public/libertineotf/LinLi
bertine_RB.otf
Requested font "nxlbmi" at 12.0pt
 -> /usr/local/texlive/2012/../texmf-local/fonts/tfm/public/newtx/nxlbmi.tfm
Requested font "nxlbmi" at 8.8pt
 -> /usr/local/texlive/2012/../texmf-local/fonts/tfm/public/newtx/nxlbmi.tfm
Requested font "nxlbmi7" at 6.6pt
 -> /usr/local/texlive/2012/../texmf-local/fonts/tfm/public/newtx/nxlbmi7.tfm
Requested font "ntxbsy" at 12.0pt
 -> /usr/local/texlive/2012/../texmf-local/fonts/tfm/public/newtx/ntxbsy.tfm
Requested font "ntxbsy" at 8.8pt
 -> /usr/local/texlive/2012/../texmf-local/fonts/tfm/public/newtx/ntxbsy.tfm
Requested font "nxlbsy7" at 6.6pt
 -> /usr/local/texlive/2012/../texmf-local/fonts/tfm/public/newtx/nxlbsy7.tfm
Requested font "ntxbex" at 12.0pt
 -> /usr/local/texlive/2012/../texmf-local/fonts/tfm/public/newtx/ntxbex.tfm
Requested font "ntxbex" at 8.8pt
 -> /usr/local/texlive/2012/../texmf-local/fonts/tfm/public/newtx/ntxbex.tfm
Requested font "ntxbex" at 6.6pt
 -> /usr/local/texlive/2012/../texmf-local/fonts/tfm/public/newtx/ntxbex.tfm
Requested font "nxlbmia" at 12.0pt
 -> /usr/local/texlive/2012/../texmf-local/fonts/tfm/public/newtx/nxlbmia.tfm
Requested font "nxlbmia" at 8.8pt
 -> /usr/local/texlive/2012/../texmf-local/fonts/tfm/public/newtx/nxlbmia.tfm
Requested font "nxlbmia" at 6.6pt
 -> /usr/local/texlive/2012/../texmf-local/fonts/tfm/public/newtx/nxlbmia.tfm
Requested font "ntxbsya" at 12.0pt
 -> /usr/local/texlive/2012/../texmf-local/fonts/tfm/public/newtx/ntxbsya.tfm
Requested font "ntxbsya" at 8.8pt
 -> /usr/local/texlive/2012/../texmf-local/fonts/tfm/public/newtx/ntxbsya.tfm
Requested font "ntxbsya" at 6.6pt
 -> /usr/local/texlive/2012/../texmf-local/fonts/tfm/public/newtx/ntxbsya.tfm
Requested font "ntxbsyc" at 12.0pt
 -> /usr/local/texlive/2012/../texmf-local/fonts/tfm/public/newtx/ntxbsyc.tfm
Requested font "ntxbsyc" at 8.8pt
 -> /usr/local/texlive/2012/../texmf-local/fonts/tfm/public/newtx/ntxbsyc.tfm
Requested font "ntxbsyc" at 6.6pt
 -> /usr/local/texlive/2012/../texmf-local/fonts/tfm/public/newtx/ntxbsyc.tfm
Requested font "ntxbexa" at 12.0pt
 -> /usr/local/texlive/2012/../texmf-local/fonts/tfm/public/newtx/ntxbexa.tfm
Requested font "ntxbexa" at 8.8pt
 -> /usr/local/texlive/2012/../texmf-local/fonts/tfm/public/newtx/ntxbexa.tfm
Requested font "ntxbexa" at 6.6pt
 -> /usr/local/texlive/2012/../texmf-local/fonts/tfm/public/newtx/ntxbexa.tfm
Requested font "cmbx9" at 9.0pt
 -> /usr/local/texlive/2012/texmf-dist/fonts/tfm/public/cm/cmbx9.tfm
Requested font "cmbx7" at 7.0pt
 -> /usr/local/texlive/2012/texmf-dist/fonts/tfm/public/cm/cmbx7.tfm
 [15] [16] [17]
Overfull \hbox (1.89215pt too wide) in paragraph at lines 1130--1133
\EU1/LinLibertine_R(0)/m/n/12 We will also require that the computation induced
 by the program makes $\OML/nxlmi/m/it/12 O\OT1/cmr/m/n/12 (\OMS/ntxsy/m/n/12 j
\OML/nxlmi/m/it/12 p\OMS/ntxsy/m/n/12 j \OT1/cmr/m/n/12 +
 []

[18] [19]
LaTeX Font Info:    Font shape `EU1/LinMono_M(0)/m/n' will be
(Font)              scaled to size 11.39996pt on input line 1202.
Requested font "[LinMono_M.otf]/ICU:script=latn;language=DFLT;" at 11.39996pt
 -> /usr/local/texlive/2012/texmf-dist/fonts/opentype/public/libertineotf/LinMo
no_M.otf
LaTeX Font Info:    Font shape `EU1/LinMono_M(0)/m/sl' will be
(Font)              scaled to size 11.39996pt on input line 1202.
Requested font "[LinMono_aML.otf]/ICU:script=latn;language=DFLT;" at 11.39996pt
 -> /usr/local/texlive/2012/texmf-dist/fonts/opentype/public/libertineotf/LinMo
no_aML.otf
Requested font "[LinMono_M.otf]/ICU:script=latn;language=DFLT;" at 8.35997pt
 -> /usr/local/texlive/2012/texmf-dist/fonts/opentype/public/libertineotf/LinMo
no_M.otf
Requested font "[LinMono_aML.otf]/ICU:script=latn;language=DFLT;" at 8.35997pt
 -> /usr/local/texlive/2012/texmf-dist/fonts/opentype/public/libertineotf/LinMo
no_aML.otf
Requested font "[LinMono_M.otf]/ICU:script=latn;language=DFLT;" at 6.26997pt
 -> /usr/local/texlive/2012/texmf-dist/fonts/opentype/public/libertineotf/LinMo
no_M.otf
Requested font "[LinMono_aML.otf]/ICU:script=latn;language=DFLT;" at 6.26997pt
 -> /usr/local/texlive/2012/texmf-dist/fonts/opentype/public/libertineotf/LinMo
no_aML.otf
 [20] [21] [22] [23]
Overfull \hbox (7.62401pt too wide) in paragraph at lines 1495--1497
\EU1/LinLibertine_R(0)/m/n/12 The global sweeping movement of the head will be 
controlled by the parametrized
 []

Requested font "[LinLibertine_R.otf]/ICU:script=latn;language=DFLT;mapping=tex-
text;" at 6.42395pt
 -> /usr/local/texlive/2012/texmf-dist/fonts/opentype/public/libertineotf/LinLi
bertine_R.otf
Requested font "[LinLibertine_R.otf]/ICU:script=latn;language=DFLT;mapping=tex-
text;" at 4.84003pt
 -> /usr/local/texlive/2012/texmf-dist/fonts/opentype/public/libertineotf/LinLi
bertine_R.otf
Requested font "nxlmi7" at 6.42395pt
 -> /usr/local/texlive/2012/../texmf-local/fonts/tfm/public/newtx/nxlmi7.tfm
Requested font "nxlmi5" at 4.84003pt
 -> /usr/local/texlive/2012/../texmf-local/fonts/tfm/public/newtx/nxlmi5.tfm
Requested font "nxlsy7" at 6.42395pt
 -> /usr/local/texlive/2012/../texmf-local/fonts/tfm/public/newtx/nxlsy7.tfm
Requested font "nxlsy5" at 4.84003pt
 -> /usr/local/texlive/2012/../texmf-local/fonts/tfm/public/newtx/nxlsy5.tfm
Requested font "ntxex" at 6.42395pt
 -> /usr/local/texlive/2012/../texmf-local/fonts/tfm/public/newtx/ntxex.tfm
Requested font "ntxex" at 4.84003pt
 -> /usr/local/texlive/2012/../texmf-local/fonts/tfm/public/newtx/ntxex.tfm
Requested font "[LinLibertine_RI.otf]/ICU:script=latn;language=DFLT;mapping=tex
-text;" at 6.42395pt
 -> /usr/local/texlive/2012/texmf-dist/fonts/opentype/public/libertineotf/LinLi
bertine_RI.otf
Requested font "[LinLibertine_RI.otf]/ICU:script=latn;language=DFLT;mapping=tex
-text;" at 4.84003pt
 -> /usr/local/texlive/2012/texmf-dist/fonts/opentype/public/libertineotf/LinLi
bertine_RI.otf
Requested font "nxlmia" at 6.42395pt
 -> /usr/local/texlive/2012/../texmf-local/fonts/tfm/public/newtx/nxlmia.tfm
Requested font "nxlmia" at 4.84003pt
 -> /usr/local/texlive/2012/../texmf-local/fonts/tfm/public/newtx/nxlmia.tfm
Requested font "ntxsya" at 6.42395pt
 -> /usr/local/texlive/2012/../texmf-local/fonts/tfm/public/newtx/ntxsya.tfm
Requested font "ntxsya" at 4.84003pt
 -> /usr/local/texlive/2012/../texmf-local/fonts/tfm/public/newtx/ntxsya.tfm
Requested font "msbm7" at 6.42395pt
 -> /usr/local/texlive/2012/texmf-dist/fonts/tfm/public/amsfonts/symbols/msbm7.
tfm
Requested font "msbm5" at 4.84003pt
 -> /usr/local/texlive/2012/texmf-dist/fonts/tfm/public/amsfonts/symbols/msbm5.
tfm
Requested font "ntxsyc" at 6.42395pt
 -> /usr/local/texlive/2012/../texmf-local/fonts/tfm/public/newtx/ntxsyc.tfm
Requested font "ntxsyc" at 4.84003pt
 -> /usr/local/texlive/2012/../texmf-local/fonts/tfm/public/newtx/ntxsyc.tfm
Requested font "ntxexa" at 6.42395pt
 -> /usr/local/texlive/2012/../texmf-local/fonts/tfm/public/newtx/ntxexa.tfm
Requested font "ntxexa" at 4.84003pt
 -> /usr/local/texlive/2012/../texmf-local/fonts/tfm/public/newtx/ntxexa.tfm
Requested font "cmsy6" at 6.0pt
 -> /usr/local/texlive/2012/texmf-dist/fonts/tfm/public/cm/cmsy6.tfm
Requested font "cmr6" at 6.0pt
 -> /usr/local/texlive/2012/texmf-dist/fonts/tfm/public/cm/cmr6.tfm
Requested font "[LinLibertine_R.otf]/ICU:script=latn;language=DFLT;mapping=tex-
text;" at 4.81796pt
 -> /usr/local/texlive/2012/texmf-dist/fonts/opentype/public/libertineotf/LinLi
bertine_R.otf
Requested font "[LinLibertine_R.otf]/ICU:script=latn;language=DFLT;mapping=tex-
text;" at 3.63002pt
 -> /usr/local/texlive/2012/texmf-dist/fonts/opentype/public/libertineotf/LinLi
bertine_R.otf
Requested font "nxlmi5" at 4.81796pt
 -> /usr/local/texlive/2012/../texmf-local/fonts/tfm/public/newtx/nxlmi5.tfm
Requested font "nxlmi5" at 3.63002pt
 -> /usr/local/texlive/2012/../texmf-local/fonts/tfm/public/newtx/nxlmi5.tfm
Requested font "nxlsy5" at 4.81796pt
 -> /usr/local/texlive/2012/../texmf-local/fonts/tfm/public/newtx/nxlsy5.tfm
Requested font "nxlsy5" at 3.63002pt
 -> /usr/local/texlive/2012/../texmf-local/fonts/tfm/public/newtx/nxlsy5.tfm
Requested font "ntxex" at 4.81796pt
 -> /usr/local/texlive/2012/../texmf-local/fonts/tfm/public/newtx/ntxex.tfm
Requested font "ntxex" at 3.63002pt
 -> /usr/local/texlive/2012/../texmf-local/fonts/tfm/public/newtx/ntxex.tfm
Requested font "[LinLibertine_RI.otf]/ICU:script=latn;language=DFLT;mapping=tex
-text;" at 4.81796pt
 -> /usr/local/texlive/2012/texmf-dist/fonts/opentype/public/libertineotf/LinLi
bertine_RI.otf
Requested font "[LinLibertine_RI.otf]/ICU:script=latn;language=DFLT;mapping=tex
-text;" at 3.63002pt
 -> /usr/local/texlive/2012/texmf-dist/fonts/opentype/public/libertineotf/LinLi
bertine_RI.otf
Requested font "nxlmia" at 4.81796pt
 -> /usr/local/texlive/2012/../texmf-local/fonts/tfm/public/newtx/nxlmia.tfm
Requested font "nxlmia" at 3.63002pt
 -> /usr/local/texlive/2012/../texmf-local/fonts/tfm/public/newtx/nxlmia.tfm
Requested font "ntxsya" at 4.81796pt
 -> /usr/local/texlive/2012/../texmf-local/fonts/tfm/public/newtx/ntxsya.tfm
Requested font "ntxsya" at 3.63002pt
 -> /usr/local/texlive/2012/../texmf-local/fonts/tfm/public/newtx/ntxsya.tfm
Requested font "msbm5" at 4.81796pt
 -> /usr/local/texlive/2012/texmf-dist/fonts/tfm/public/amsfonts/symbols/msbm5.
tfm
Requested font "msbm5" at 3.63002pt
 -> /usr/local/texlive/2012/texmf-dist/fonts/tfm/public/amsfonts/symbols/msbm5.
tfm
Requested font "ntxsyc" at 4.81796pt
 -> /usr/local/texlive/2012/../texmf-local/fonts/tfm/public/newtx/ntxsyc.tfm
Requested font "ntxsyc" at 3.63002pt
 -> /usr/local/texlive/2012/../texmf-local/fonts/tfm/public/newtx/ntxsyc.tfm
Requested font "ntxexa" at 4.81796pt
 -> /usr/local/texlive/2012/../texmf-local/fonts/tfm/public/newtx/ntxexa.tfm
Requested font "ntxexa" at 3.63002pt
 -> /usr/local/texlive/2012/../texmf-local/fonts/tfm/public/newtx/ntxexa.tfm
[24] [25] [26] [27] [28]
Underfull \hbox (badness 1348) in paragraph at lines 1782--1785
[]\EU1/LinLibertine_R(0)/m/n/12 Simulate the universal automaton $[]$ on track 
$[]$: it computes
 []

[29]
Overfull \hbox (13.27962pt too wide) in paragraph at lines 1832--1835
[]\EU1/LinLibertine_R(0)/m/n/12 The sweep in which we start transferring in dir
ection $\OML/nxlmi/m/it/12 ^^N$ \EU1/LinLibertine_R(0)/m/n/12 is called $[]\OT1
/cmr/m/n/12 (\OML/nxlmi/m/it/12 ^^N\OT1/cmr/m/n/12 )$\EU1/LinLibertine_R(0)/m/n
/12 ,
 []


Overfull \hbox (18.14603pt too wide) in paragraph at lines 1853--1855
[]\EU1/LinLibertine_R(0)/m/n/12 Copy the content of $[]$ track of the base colo
ny to the $[]\OT1/cmr/m/n/12 [\OML/nxlmi/m/it/12 i\OT1/cmr/m/n/12 ]\OML/nxlmi/m
/it/12 :[]$
 []

[30] [31]
Overfull \hbox (8.83487pt too wide) in paragraph at lines 1966--1970
[]\EU1/LinLibertine_R(0)/m/n/12 (The neighbor colony is reached.) Suppose that 
$[] \OMS/ntxsy/m/n/12 2 f[]\OML/nxlmi/m/it/12 ; []\OMS/ntxsy/m/n/12 g$\EU1/LinL
ibertine_R(0)/m/n/12 ,
 []

[32] (./longTuring.bbl (./longTuring.brf)
\tf@brf=\write5
\openout5 = `longTuring.brf'.


bibitemlist

Underfull \hbox (badness 1521) in paragraph at lines 36--36
[]\EU1/LinLibertine_R(0)/m/n/12 G. L. Kurdyumov.  An example of a nonergodic ho
mogenous one-
 []

) [33]
Package atveryend Info: Empty hook `BeforeClearDocument' on input line 2040.
Package atveryend Info: Empty hook `AfterLastShipout' on input line 2040.
 (./longTuring.aux)
Package atveryend Info: Empty hook `AtVeryEndDocument' on input line 2040.
Package atveryend Info: Empty hook `AtEndAfterFileList' on input line 2040.


LaTeX Font Warning: Size substitutions with differences
(Font)              up to 1.36998pt have occurred.

Package atveryend Info: Empty hook `AtVeryVeryEnd' on input line 2040.
 ) 
Here is how much of TeX's memory you used:
 35759 strings out of 494004
 588248 string characters out of 3150890
 657621 words of memory out of 3000000
 38625 multiletter control sequences out of 15000+200000
 41475 words of font info for 200 fonts, out of 3000000 for 9000
 1146 hyphenation exceptions out of 8191
 48i,13n,46p,604b,518s stack positions out of 5000i,500n,10000p,200000b,50000s

Output written on longTuring.pdf (33 pages).
